2025-04-23 00:39:13,642 - INFO - Starting training script: C:\Users\kaymh\Downloads\VIGYAN ASHRAM files\IMS\ver3.1\train.py
2025-04-23 00:39:17,279 - INFO - Starting training with TensorFlow 2.10.0
2025-04-23 00:39:17,409 - INFO - TRAIN OUTPUT: Found 2571 images belonging to 13 classes.
2025-04-23 00:39:17,459 - INFO - TRAIN OUTPUT: Found 642 images belonging to 13 classes.
2025-04-23 00:39:20,612 - INFO - Python Version: 3.10.16
2025-04-23 00:39:20,612 - INFO - TensorFlow Version: 2.10.0
2025-04-23 00:39:20,612 - INFO - GPU Information: NVIDIA GeForce GTX 1650
2025-04-23 00:39:20,636 - INFO - TRAIN OUTPUT: Epoch 1/10
2025-04-23 00:39:25,330 - INFO - TRAIN OUTPUT: 
2025-04-23 00:39:25,387 - INFO - TRAIN OUTPUT: 1/81 [..............................] - ETA: 6:15 - loss: 3.9699 - accuracy: 0.0625
2025-04-23 00:39:25,629 - INFO - TRAIN OUTPUT: 2/81 [..............................] - ETA: 4s - loss: 4.0804 - accuracy: 0.0469
2025-04-23 00:39:25,878 - INFO - TRAIN OUTPUT: 3/81 [>.............................] - ETA: 11s - loss: 3.7638 - accuracy: 0.0833
2025-04-23 00:39:26,113 - INFO - TRAIN OUTPUT: 4/81 [>.............................] - ETA: 14s - loss: 3.6445 - accuracy: 0.0781
2025-04-23 00:39:26,349 - INFO - TRAIN OUTPUT: 5/81 [>.............................] - ETA: 14s - loss: 3.5748 - accuracy: 0.0688
2025-04-23 00:39:26,589 - INFO - TRAIN OUTPUT: 6/81 [=>............................] - ETA: 15s - loss: 3.4603 - accuracy: 0.0625
2025-04-23 00:39:26,830 - INFO - TRAIN OUTPUT: 7/81 [=>............................] - ETA: 15s - loss: 3.3918 - accuracy: 0.0625
2025-04-23 00:39:27,058 - INFO - TRAIN OUTPUT: 8/81 [=>............................] - ETA: 15s - loss: 3.3014 - accuracy: 0.0586
2025-04-23 00:39:27,310 - INFO - TRAIN OUTPUT: 9/81 [==>...........................] - ETA: 15s - loss: 3.2234 - accuracy: 0.0833
2025-04-23 00:39:27,557 - INFO - TRAIN OUTPUT: 10/81 [==>...........................] - ETA: 15s - loss: 3.1502 - accuracy: 0.0906
2025-04-23 00:39:27,795 - INFO - TRAIN OUTPUT: 11/81 [===>..........................] - ETA: 15s - loss: 3.1173 - accuracy: 0.0938
2025-04-23 00:39:28,037 - INFO - TRAIN OUTPUT: 12/81 [===>..........................] - ETA: 15s - loss: 3.0675 - accuracy: 0.0964
2025-04-23 00:39:28,263 - INFO - TRAIN OUTPUT: 13/81 [===>..........................] - ETA: 15s - loss: 3.0169 - accuracy: 0.1058
2025-04-23 00:39:28,515 - INFO - TRAIN OUTPUT: 14/81 [====>.........................] - ETA: 15s - loss: 2.9724 - accuracy: 0.1138
2025-04-23 00:39:28,765 - INFO - TRAIN OUTPUT: 15/81 [====>.........................] - ETA: 15s - loss: 2.9350 - accuracy: 0.1167
2025-04-23 00:39:29,005 - INFO - TRAIN OUTPUT: 16/81 [====>.........................] - ETA: 14s - loss: 2.9139 - accuracy: 0.1191
2025-04-23 00:39:29,237 - INFO - TRAIN OUTPUT: 17/81 [=====>........................] - ETA: 14s - loss: 2.8755 - accuracy: 0.1305
2025-04-23 00:39:29,472 - INFO - TRAIN OUTPUT: 18/81 [=====>........................] - ETA: 14s - loss: 2.8350 - accuracy: 0.1389
2025-04-23 00:39:29,706 - INFO - TRAIN OUTPUT: 19/81 [======>.......................] - ETA: 14s - loss: 2.7910 - accuracy: 0.1480
2025-04-23 00:39:29,952 - INFO - TRAIN OUTPUT: 20/81 [======>.......................] - ETA: 14s - loss: 2.7619 - accuracy: 0.1547
2025-04-23 00:39:30,203 - INFO - TRAIN OUTPUT: 21/81 [======>.......................] - ETA: 13s - loss: 2.7294 - accuracy: 0.1652
2025-04-23 00:39:30,444 - INFO - TRAIN OUTPUT: 22/81 [=======>......................] - ETA: 13s - loss: 2.6855 - accuracy: 0.1747
2025-04-23 00:39:30,678 - INFO - TRAIN OUTPUT: 23/81 [=======>......................] - ETA: 13s - loss: 2.6504 - accuracy: 0.1834
2025-04-23 00:39:30,931 - INFO - TRAIN OUTPUT: 24/81 [=======>......................] - ETA: 13s - loss: 2.6186 - accuracy: 0.1914
2025-04-23 00:39:31,160 - INFO - TRAIN OUTPUT: 25/81 [========>.....................] - ETA: 13s - loss: 2.5838 - accuracy: 0.1975
2025-04-23 00:39:31,408 - INFO - TRAIN OUTPUT: 26/81 [========>.....................] - ETA: 12s - loss: 2.5669 - accuracy: 0.2007
2025-04-23 00:39:31,641 - INFO - TRAIN OUTPUT: 27/81 [=========>....................] - ETA: 12s - loss: 2.5401 - accuracy: 0.2106
2025-04-23 00:39:31,898 - INFO - TRAIN OUTPUT: 28/81 [=========>....................] - ETA: 12s - loss: 2.5083 - accuracy: 0.2199
2025-04-23 00:39:32,149 - INFO - TRAIN OUTPUT: 29/81 [=========>....................] - ETA: 12s - loss: 2.4784 - accuracy: 0.2284
2025-04-23 00:39:32,393 - INFO - TRAIN OUTPUT: 30/81 [==========>...................] - ETA: 11s - loss: 2.4490 - accuracy: 0.2354
2025-04-23 00:39:32,653 - INFO - TRAIN OUTPUT: 31/81 [==========>...................] - ETA: 11s - loss: 2.4249 - accuracy: 0.2429
2025-04-23 00:39:32,900 - INFO - TRAIN OUTPUT: 32/81 [==========>...................] - ETA: 11s - loss: 2.4099 - accuracy: 0.2461
2025-04-23 00:39:33,136 - INFO - TRAIN OUTPUT: 33/81 [===========>..................] - ETA: 11s - loss: 2.3826 - accuracy: 0.2557
2025-04-23 00:39:33,404 - INFO - TRAIN OUTPUT: 34/81 [===========>..................] - ETA: 11s - loss: 2.3480 - accuracy: 0.2675
2025-04-23 00:39:33,663 - INFO - TRAIN OUTPUT: 35/81 [===========>..................] - ETA: 10s - loss: 2.3301 - accuracy: 0.2741
2025-04-23 00:39:33,941 - INFO - TRAIN OUTPUT: 36/81 [============>.................] - ETA: 10s - loss: 2.3038 - accuracy: 0.2839
2025-04-23 00:39:34,205 - INFO - TRAIN OUTPUT: 37/81 [============>.................] - ETA: 10s - loss: 2.2902 - accuracy: 0.2897
2025-04-23 00:39:34,494 - INFO - TRAIN OUTPUT: 38/81 [=============>................] - ETA: 10s - loss: 2.2689 - accuracy: 0.2985
2025-04-23 00:44:32,138 - INFO - Starting training script: C:\Users\kaymh\Downloads\VIGYAN ASHRAM files\IMS\ver3.1\train.py
2025-04-23 00:44:35,669 - INFO - Starting training with TensorFlow 2.10.0
2025-04-23 00:44:35,670 - INFO - Existing model backed up to C:\Users\kaymh\Downloads\VIGYAN ASHRAM files\IMS\ver3.1\models\model_backup.h5
2025-04-23 00:44:35,790 - INFO - TRAIN OUTPUT: Found 2571 images belonging to 13 classes.
2025-04-23 00:44:35,840 - INFO - TRAIN OUTPUT: Found 642 images belonging to 13 classes.
2025-04-23 00:44:39,189 - INFO - Python Version: 3.10.16
2025-04-23 00:44:39,189 - INFO - TensorFlow Version: 2.10.0
2025-04-23 00:44:39,190 - INFO - GPU Information: NVIDIA GeForce GTX 1650
2025-04-23 00:44:39,215 - INFO - TRAIN OUTPUT: Epoch 1/10
2025-04-23 00:44:44,226 - INFO - TRAIN OUTPUT: 
2025-04-23 00:44:44,284 - INFO - TRAIN OUTPUT: 1/81 [..............................] - ETA: 6:40 - loss: 3.9216 - accuracy: 0.0312
2025-04-23 00:44:44,587 - INFO - TRAIN OUTPUT: 2/81 [..............................] - ETA: 4s - loss: 3.4392 - accuracy: 0.1094
2025-04-23 00:44:44,828 - INFO - TRAIN OUTPUT: 3/81 [>.............................] - ETA: 14s - loss: 3.3566 - accuracy: 0.0938
2025-04-23 00:44:45,092 - INFO - TRAIN OUTPUT: 4/81 [>.............................] - ETA: 15s - loss: 3.2910 - accuracy: 0.0781
2025-04-23 00:44:45,335 - INFO - TRAIN OUTPUT: 5/81 [>.............................] - ETA: 16s - loss: 3.2185 - accuracy: 0.0688
2025-04-23 00:44:45,588 - INFO - TRAIN OUTPUT: 6/81 [=>............................] - ETA: 16s - loss: 3.1532 - accuracy: 0.0729
2025-04-23 00:44:45,837 - INFO - TRAIN OUTPUT: 7/81 [=>............................] - ETA: 16s - loss: 3.0836 - accuracy: 0.0848
2025-04-23 00:44:46,065 - INFO - TRAIN OUTPUT: 8/81 [=>............................] - ETA: 16s - loss: 3.0550 - accuracy: 0.0977
2025-04-23 00:44:46,329 - INFO - TRAIN OUTPUT: 9/81 [==>...........................] - ETA: 16s - loss: 3.0144 - accuracy: 0.1146
2025-04-23 00:44:46,561 - INFO - TRAIN OUTPUT: 10/81 [==>...........................] - ETA: 16s - loss: 2.9689 - accuracy: 0.1156
2025-04-23 00:44:46,810 - INFO - TRAIN OUTPUT: 11/81 [===>..........................] - ETA: 16s - loss: 2.9286 - accuracy: 0.1250
2025-04-23 00:44:47,083 - INFO - TRAIN OUTPUT: 12/81 [===>..........................] - ETA: 16s - loss: 2.8956 - accuracy: 0.1328
2025-04-23 00:44:47,322 - INFO - TRAIN OUTPUT: 13/81 [===>..........................] - ETA: 16s - loss: 2.8812 - accuracy: 0.1370
2025-04-23 00:44:47,580 - INFO - TRAIN OUTPUT: 14/81 [====>.........................] - ETA: 15s - loss: 2.8529 - accuracy: 0.1362
2025-04-23 00:44:47,824 - INFO - TRAIN OUTPUT: 15/81 [====>.........................] - ETA: 15s - loss: 2.8407 - accuracy: 0.1417
2025-04-23 00:44:48,062 - INFO - TRAIN OUTPUT: 16/81 [====>.........................] - ETA: 15s - loss: 2.8121 - accuracy: 0.1465
2025-04-23 00:44:48,306 - INFO - TRAIN OUTPUT: 17/81 [=====>........................] - ETA: 15s - loss: 2.7677 - accuracy: 0.1544
2025-04-23 00:44:48,559 - INFO - TRAIN OUTPUT: 18/81 [=====>........................] - ETA: 15s - loss: 2.7167 - accuracy: 0.1667
2025-04-23 00:44:48,802 - INFO - TRAIN OUTPUT: 19/81 [======>.......................] - ETA: 14s - loss: 2.6895 - accuracy: 0.1727
2025-04-23 00:44:49,030 - INFO - TRAIN OUTPUT: 20/81 [======>.......................] - ETA: 14s - loss: 2.6539 - accuracy: 0.1828
2025-04-23 00:44:49,257 - INFO - TRAIN OUTPUT: 21/81 [======>.......................] - ETA: 14s - loss: 2.6221 - accuracy: 0.1935
2025-04-23 00:44:49,494 - INFO - TRAIN OUTPUT: 22/81 [=======>......................] - ETA: 14s - loss: 2.5975 - accuracy: 0.1946
2025-04-23 00:44:49,727 - INFO - TRAIN OUTPUT: 23/81 [=======>......................] - ETA: 13s - loss: 2.5599 - accuracy: 0.2065
2025-04-23 00:44:49,954 - INFO - TRAIN OUTPUT: 24/81 [=======>......................] - ETA: 13s - loss: 2.5307 - accuracy: 0.2174
2025-04-23 00:44:50,187 - INFO - TRAIN OUTPUT: 25/81 [========>.....................] - ETA: 13s - loss: 2.5094 - accuracy: 0.2225
2025-04-23 00:44:50,416 - INFO - TRAIN OUTPUT: 26/81 [========>.....................] - ETA: 13s - loss: 2.4855 - accuracy: 0.2272
2025-04-23 00:44:50,637 - INFO - TRAIN OUTPUT: 27/81 [=========>....................] - ETA: 12s - loss: 2.4691 - accuracy: 0.2280
2025-04-23 00:44:50,858 - INFO - TRAIN OUTPUT: 28/81 [=========>....................] - ETA: 12s - loss: 2.4363 - accuracy: 0.2377
2025-04-23 00:44:51,089 - INFO - TRAIN OUTPUT: 29/81 [=========>....................] - ETA: 12s - loss: 2.4118 - accuracy: 0.2425
2025-04-23 00:44:51,315 - INFO - TRAIN OUTPUT: 30/81 [==========>...................] - ETA: 12s - loss: 2.3822 - accuracy: 0.2510
2025-04-23 00:44:51,549 - INFO - TRAIN OUTPUT: 31/81 [==========>...................] - ETA: 11s - loss: 2.3598 - accuracy: 0.2571
2025-04-23 00:44:51,781 - INFO - TRAIN OUTPUT: 32/81 [==========>...................] - ETA: 11s - loss: 2.3229 - accuracy: 0.2715
2025-04-23 00:44:52,013 - INFO - TRAIN OUTPUT: 33/81 [===========>..................] - ETA: 11s - loss: 2.2942 - accuracy: 0.2803
2025-04-23 00:44:52,242 - INFO - TRAIN OUTPUT: 34/81 [===========>..................] - ETA: 11s - loss: 2.2679 - accuracy: 0.2868
2025-04-23 00:44:52,476 - INFO - TRAIN OUTPUT: 35/81 [===========>..................] - ETA: 10s - loss: 2.2458 - accuracy: 0.2946
2025-04-23 00:44:52,703 - INFO - TRAIN OUTPUT: 36/81 [============>.................] - ETA: 10s - loss: 2.2247 - accuracy: 0.3003
2025-04-23 00:44:52,932 - INFO - TRAIN OUTPUT: 37/81 [============>.................] - ETA: 10s - loss: 2.1999 - accuracy: 0.3100
2025-04-23 00:44:53,156 - INFO - TRAIN OUTPUT: 38/81 [=============>................] - ETA: 10s - loss: 2.1908 - accuracy: 0.3125
2025-04-23 00:44:53,386 - INFO - TRAIN OUTPUT: 39/81 [=============>................] - ETA: 9s - loss: 2.1712 - accuracy: 0.3189
2025-04-23 00:44:53,613 - INFO - TRAIN OUTPUT: 40/81 [=============>................] - ETA: 9s - loss: 2.1439 - accuracy: 0.3289
2025-04-23 00:44:53,839 - INFO - TRAIN OUTPUT: 41/81 [==============>...............] - ETA: 9s - loss: 2.1226 - accuracy: 0.3377
2025-04-23 00:44:54,071 - INFO - TRAIN OUTPUT: 42/81 [==============>...............] - ETA: 9s - loss: 2.1062 - accuracy: 0.3423
2025-04-23 00:44:54,300 - INFO - TRAIN OUTPUT: 43/81 [==============>...............] - ETA: 8s - loss: 2.0887 - accuracy: 0.3481
2025-04-23 00:44:54,529 - INFO - TRAIN OUTPUT: 44/81 [===============>..............] - ETA: 8s - loss: 2.0668 - accuracy: 0.3551
2025-04-23 00:44:54,760 - INFO - TRAIN OUTPUT: 45/81 [===============>..............] - ETA: 8s - loss: 2.0496 - accuracy: 0.3597
2025-04-23 00:44:54,996 - INFO - TRAIN OUTPUT: 46/81 [================>.............] - ETA: 8s - loss: 2.0323 - accuracy: 0.3648
2025-04-23 00:44:55,233 - INFO - TRAIN OUTPUT: 47/81 [================>.............] - ETA: 7s - loss: 2.0150 - accuracy: 0.3697
2025-04-23 00:44:55,455 - INFO - TRAIN OUTPUT: 48/81 [================>.............] - ETA: 7s - loss: 2.0006 - accuracy: 0.3750
2025-04-23 00:44:55,684 - INFO - TRAIN OUTPUT: 49/81 [=================>............] - ETA: 7s - loss: 1.9805 - accuracy: 0.3827
2025-04-23 00:44:55,917 - INFO - TRAIN OUTPUT: 50/81 [=================>............] - ETA: 7s - loss: 1.9646 - accuracy: 0.3875
2025-04-23 00:44:56,143 - INFO - TRAIN OUTPUT: 51/81 [=================>............] - ETA: 7s - loss: 1.9480 - accuracy: 0.3934
2025-04-23 00:44:56,374 - INFO - TRAIN OUTPUT: 52/81 [==================>...........] - ETA: 6s - loss: 1.9339 - accuracy: 0.3972
2025-04-23 00:44:56,596 - INFO - TRAIN OUTPUT: 53/81 [==================>...........] - ETA: 6s - loss: 1.9194 - accuracy: 0.4021
2025-04-23 00:44:56,827 - INFO - TRAIN OUTPUT: 54/81 [===================>..........] - ETA: 6s - loss: 1.9035 - accuracy: 0.4086
2025-04-23 00:44:57,055 - INFO - TRAIN OUTPUT: 55/81 [===================>..........] - ETA: 6s - loss: 1.8907 - accuracy: 0.4125
2025-04-23 00:44:57,283 - INFO - TRAIN OUTPUT: 56/81 [===================>..........] - ETA: 5s - loss: 1.8748 - accuracy: 0.4174
2025-04-23 00:44:57,513 - INFO - TRAIN OUTPUT: 57/81 [====================>.........] - ETA: 5s - loss: 1.8568 - accuracy: 0.4238
2025-04-23 00:44:57,749 - INFO - TRAIN OUTPUT: 58/81 [====================>.........] - ETA: 5s - loss: 1.8412 - accuracy: 0.4294
2025-04-23 00:44:57,986 - INFO - TRAIN OUTPUT: 59/81 [====================>.........] - ETA: 5s - loss: 1.8284 - accuracy: 0.4338
2025-04-23 00:44:58,219 - INFO - TRAIN OUTPUT: 60/81 [=====================>........] - ETA: 4s - loss: 1.8161 - accuracy: 0.4359
2025-04-23 00:44:58,459 - INFO - TRAIN OUTPUT: 61/81 [=====================>........] - ETA: 4s - loss: 1.7995 - accuracy: 0.4411
2025-04-23 00:44:58,686 - INFO - TRAIN OUTPUT: 62/81 [=====================>........] - ETA: 4s - loss: 1.7861 - accuracy: 0.4456
2025-04-23 00:44:58,916 - INFO - TRAIN OUTPUT: 63/81 [======================>.......] - ETA: 4s - loss: 1.7709 - accuracy: 0.4504
2025-04-23 00:44:59,150 - INFO - TRAIN OUTPUT: 64/81 [======================>.......] - ETA: 3s - loss: 1.7587 - accuracy: 0.4551
2025-04-23 00:44:59,402 - INFO - TRAIN OUTPUT: 65/81 [=======================>......] - ETA: 3s - loss: 1.7458 - accuracy: 0.4615
2025-04-23 00:44:59,652 - INFO - TRAIN OUTPUT: 66/81 [=======================>......] - ETA: 3s - loss: 1.7330 - accuracy: 0.4650
2025-04-23 00:44:59,891 - INFO - TRAIN OUTPUT: 67/81 [=======================>......] - ETA: 3s - loss: 1.7159 - accuracy: 0.4720
2025-04-23 00:45:00,124 - INFO - TRAIN OUTPUT: 68/81 [========================>.....] - ETA: 3s - loss: 1.7047 - accuracy: 0.4756
2025-04-23 00:45:00,363 - INFO - TRAIN OUTPUT: 69/81 [========================>.....] - ETA: 2s - loss: 1.6936 - accuracy: 0.4792
2025-04-23 00:45:00,605 - INFO - TRAIN OUTPUT: 70/81 [========================>.....] - ETA: 2s - loss: 1.6836 - accuracy: 0.4830
2025-04-23 00:45:00,848 - INFO - TRAIN OUTPUT: 71/81 [=========================>....] - ETA: 2s - loss: 1.6728 - accuracy: 0.4864
2025-04-23 00:45:01,085 - INFO - TRAIN OUTPUT: 72/81 [=========================>....] - ETA: 2s - loss: 1.6629 - accuracy: 0.4891
2025-04-23 00:45:01,309 - INFO - TRAIN OUTPUT: 73/81 [==========================>...] - ETA: 1s - loss: 1.6507 - accuracy: 0.4927
2025-04-23 00:45:01,550 - INFO - TRAIN OUTPUT: 74/81 [==========================>...] - ETA: 1s - loss: 1.6421 - accuracy: 0.4958
2025-04-23 00:45:02,116 - INFO - TRAIN OUTPUT: 75/81 [==========================>...] - ETA: 1s - loss: 1.6312 - accuracy: 0.5008
2025-04-23 00:45:02,173 - INFO - TRAIN OUTPUT: 76/81 [===========================>..] - ETA: 1s - loss: 1.6270 - accuracy: 0.5023
2025-04-23 00:45:02,418 - INFO - TRAIN OUTPUT: 77/81 [===========================>..] - ETA: 0s - loss: 1.6146 - accuracy: 0.5063
2025-04-23 00:45:02,663 - INFO - TRAIN OUTPUT: 78/81 [===========================>..] - ETA: 0s - loss: 1.6013 - accuracy: 0.5107
2025-04-23 00:45:02,910 - INFO - TRAIN OUTPUT: 79/81 [============================>.] - ETA: 0s - loss: 1.5909 - accuracy: 0.5138
2025-04-23 00:45:03,149 - INFO - TRAIN OUTPUT: 80/81 [============================>.] - ETA: 0s - loss: 1.5792 - accuracy: 0.5179
2025-04-23 00:45:09,845 - INFO - Temporary model saved at epoch 1
2025-04-23 00:45:10,040 - INFO - TRAIN OUTPUT: 81/81 [==============================] - ETA: 0s - loss: 1.5644 - accuracy: 0.5228
2025-04-23 00:45:10,040 - INFO - TRAIN OUTPUT: 81/81 [==============================] - 31s 323ms/step - loss: 1.5644 - accuracy: 0.5228 - val_loss: 0.6011 - val_accuracy: 0.8505
2025-04-23 00:45:10,052 - INFO - TRAIN OUTPUT: Epoch 2/10
2025-04-23 00:45:10,397 - ERROR - Training error: [Errno 22] Invalid argument
Traceback (most recent call last):
  File "C:\Users\kaymh\Downloads\VIGYAN ASHRAM files\IMS\ver3.1\train.py", line 277, in main
    model.fit(
  File "C:\Users\kaymh\miniconda3\envs\imsv3\lib\site-packages\keras\utils\traceback_utils.py", line 70, in error_handler
    raise e.with_traceback(filtered_tb) from None
  File "C:\Users\kaymh\miniconda3\envs\imsv3\lib\site-packages\keras\utils\io_utils.py", line 80, in print_msg
    sys.stdout.flush()
OSError: [Errno 22] Invalid argument
2025-04-23 00:45:10,409 - INFO - Training interrupted, using latest epoch model
2025-04-23 00:48:47,610 - INFO - Starting training script: C:\Users\kaymh\Downloads\VIGYAN ASHRAM files\IMS\ver3.1\train.py
2025-04-23 00:48:51,261 - INFO - Starting training with TensorFlow 2.10.0
2025-04-23 00:48:51,263 - INFO - Existing model backed up to C:\Users\kaymh\Downloads\VIGYAN ASHRAM files\IMS\ver3.1\models\model_backup.h5
2025-04-23 00:48:51,380 - INFO - TRAIN OUTPUT: Found 2571 images belonging to 13 classes.
2025-04-23 00:48:51,431 - INFO - TRAIN OUTPUT: Found 642 images belonging to 13 classes.
2025-04-23 00:48:55,159 - INFO - Python Version: 3.10.16
2025-04-23 00:48:55,159 - INFO - TensorFlow Version: 2.10.0
2025-04-23 00:48:55,159 - INFO - GPU Information: NVIDIA GeForce GTX 1650
2025-04-23 00:48:55,182 - INFO - TRAIN OUTPUT: Epoch 1/10
2025-04-23 00:49:00,592 - INFO - TRAIN OUTPUT: 
2025-04-23 00:49:00,656 - INFO - TRAIN OUTPUT: 1/81 [..............................] - ETA: 7:12 - loss: 3.4882 - accuracy: 0.0000e+00
2025-04-23 00:49:00,890 - INFO - TRAIN OUTPUT: 2/81 [..............................] - ETA: 5s - loss: 3.4053 - accuracy: 0.0938
2025-04-23 00:49:01,136 - INFO - TRAIN OUTPUT: 3/81 [>.............................] - ETA: 11s - loss: 3.2972 - accuracy: 0.1042
2025-04-23 00:49:01,396 - INFO - TRAIN OUTPUT: 4/81 [>.............................] - ETA: 13s - loss: 3.2688 - accuracy: 0.1406
2025-04-23 00:49:01,651 - INFO - TRAIN OUTPUT: 5/81 [>.............................] - ETA: 15s - loss: 3.1860 - accuracy: 0.1375
2025-04-23 00:49:01,900 - INFO - TRAIN OUTPUT: 6/81 [=>............................] - ETA: 15s - loss: 3.1206 - accuracy: 0.1302
2025-04-23 00:49:02,145 - INFO - TRAIN OUTPUT: 7/81 [=>............................] - ETA: 16s - loss: 3.0679 - accuracy: 0.1295
2025-04-23 00:49:02,388 - INFO - TRAIN OUTPUT: 8/81 [=>............................] - ETA: 16s - loss: 3.0137 - accuracy: 0.1250
2025-04-23 00:49:02,661 - INFO - TRAIN OUTPUT: 9/81 [==>...........................] - ETA: 16s - loss: 2.9280 - accuracy: 0.1354
2025-04-23 00:49:02,920 - INFO - TRAIN OUTPUT: 10/81 [==>...........................] - ETA: 16s - loss: 2.8877 - accuracy: 0.1375
2025-04-23 00:49:03,162 - INFO - TRAIN OUTPUT: 11/81 [===>..........................] - ETA: 16s - loss: 2.8393 - accuracy: 0.1477
2025-04-23 00:49:03,682 - INFO - TRAIN OUTPUT: 12/81 [===>..........................] - ETA: 16s - loss: 2.8043 - accuracy: 0.1562
2025-04-23 00:49:03,746 - INFO - TRAIN OUTPUT: 13/81 [===>..........................] - ETA: 17s - loss: 2.7910 - accuracy: 0.1570
2025-04-23 00:49:03,982 - INFO - TRAIN OUTPUT: 14/81 [====>.........................] - ETA: 16s - loss: 2.7544 - accuracy: 0.1522
2025-04-23 00:49:04,226 - INFO - TRAIN OUTPUT: 15/81 [====>.........................] - ETA: 15s - loss: 2.7174 - accuracy: 0.1547
2025-04-23 00:49:04,470 - INFO - TRAIN OUTPUT: 16/81 [====>.........................] - ETA: 15s - loss: 2.6887 - accuracy: 0.1609
2025-04-23 00:49:04,723 - INFO - TRAIN OUTPUT: 17/81 [=====>........................] - ETA: 15s - loss: 2.6537 - accuracy: 0.1683
2025-04-23 00:49:04,962 - INFO - TRAIN OUTPUT: 18/81 [=====>........................] - ETA: 15s - loss: 2.6078 - accuracy: 0.1802
2025-04-23 00:49:05,210 - INFO - TRAIN OUTPUT: 19/81 [======>.......................] - ETA: 15s - loss: 2.5766 - accuracy: 0.1908
2025-04-23 00:49:05,452 - INFO - TRAIN OUTPUT: 20/81 [======>.......................] - ETA: 14s - loss: 2.5490 - accuracy: 0.1971
2025-04-23 00:49:05,689 - INFO - TRAIN OUTPUT: 21/81 [======>.......................] - ETA: 14s - loss: 2.5133 - accuracy: 0.2089
2025-04-23 00:49:05,928 - INFO - TRAIN OUTPUT: 22/81 [=======>......................] - ETA: 14s - loss: 2.5021 - accuracy: 0.2123
2025-04-23 00:49:06,166 - INFO - TRAIN OUTPUT: 23/81 [=======>......................] - ETA: 14s - loss: 2.4823 - accuracy: 0.2182
2025-04-23 00:49:06,432 - INFO - TRAIN OUTPUT: 24/81 [=======>......................] - ETA: 13s - loss: 2.4600 - accuracy: 0.2182
2025-04-23 00:49:06,692 - INFO - TRAIN OUTPUT: 25/81 [========>.....................] - ETA: 13s - loss: 2.4441 - accuracy: 0.2259
2025-04-23 00:49:06,937 - INFO - TRAIN OUTPUT: 26/81 [========>.....................] - ETA: 13s - loss: 2.4073 - accuracy: 0.2343
2025-04-23 00:49:07,184 - INFO - TRAIN OUTPUT: 27/81 [=========>....................] - ETA: 13s - loss: 2.3780 - accuracy: 0.2444
2025-04-23 00:49:07,443 - INFO - TRAIN OUTPUT: 28/81 [=========>....................] - ETA: 12s - loss: 2.3607 - accuracy: 0.2480
2025-04-23 00:49:07,685 - INFO - TRAIN OUTPUT: 29/81 [=========>....................] - ETA: 12s - loss: 2.3305 - accuracy: 0.2613
2025-04-23 00:49:07,941 - INFO - TRAIN OUTPUT: 30/81 [==========>...................] - ETA: 12s - loss: 2.3086 - accuracy: 0.2641
2025-04-23 00:49:08,214 - INFO - TRAIN OUTPUT: 31/81 [==========>...................] - ETA: 12s - loss: 2.2906 - accuracy: 0.2698
2025-04-23 00:49:08,488 - INFO - TRAIN OUTPUT: 32/81 [==========>...................] - ETA: 12s - loss: 2.2717 - accuracy: 0.2762
2025-04-23 00:49:08,774 - INFO - TRAIN OUTPUT: 33/81 [===========>..................] - ETA: 11s - loss: 2.2422 - accuracy: 0.2889
2025-04-23 00:49:09,050 - INFO - TRAIN OUTPUT: 34/81 [===========>..................] - ETA: 11s - loss: 2.2180 - accuracy: 0.2943
2025-04-23 00:49:09,323 - INFO - TRAIN OUTPUT: 35/81 [===========>..................] - ETA: 11s - loss: 2.1917 - accuracy: 0.3039
2025-04-23 00:49:09,568 - INFO - TRAIN OUTPUT: 36/81 [============>.................] - ETA: 11s - loss: 2.1692 - accuracy: 0.3121
2025-04-23 00:49:09,844 - INFO - TRAIN OUTPUT: 37/81 [============>.................] - ETA: 10s - loss: 2.1500 - accuracy: 0.3190
2025-04-23 00:49:10,156 - INFO - TRAIN OUTPUT: 38/81 [=============>................] - ETA: 10s - loss: 2.1287 - accuracy: 0.3272
2025-04-23 00:49:10,442 - INFO - TRAIN OUTPUT: 39/81 [=============>................] - ETA: 10s - loss: 2.1151 - accuracy: 0.3317
2025-04-23 00:49:10,711 - INFO - TRAIN OUTPUT: 40/81 [=============>................] - ETA: 10s - loss: 2.1029 - accuracy: 0.3368
2025-04-23 00:49:10,978 - INFO - TRAIN OUTPUT: 41/81 [==============>...............] - ETA: 10s - loss: 2.0855 - accuracy: 0.3455
2025-04-23 00:49:11,247 - INFO - TRAIN OUTPUT: 42/81 [==============>...............] - ETA: 9s - loss: 2.0669 - accuracy: 0.3530
2025-04-23 00:49:11,502 - INFO - TRAIN OUTPUT: 43/81 [==============>...............] - ETA: 9s - loss: 2.0497 - accuracy: 0.3601
2025-04-23 00:49:11,771 - INFO - TRAIN OUTPUT: 44/81 [===============>..............] - ETA: 9s - loss: 2.0322 - accuracy: 0.3677
2025-04-23 00:49:12,017 - INFO - TRAIN OUTPUT: 45/81 [===============>..............] - ETA: 9s - loss: 2.0129 - accuracy: 0.3735
2025-04-23 00:49:12,276 - INFO - TRAIN OUTPUT: 46/81 [================>.............] - ETA: 8s - loss: 1.9999 - accuracy: 0.3756
2025-04-23 00:49:12,546 - INFO - TRAIN OUTPUT: 47/81 [================>.............] - ETA: 8s - loss: 1.9801 - accuracy: 0.3810
2025-04-23 00:49:12,805 - INFO - TRAIN OUTPUT: 48/81 [================>.............] - ETA: 8s - loss: 1.9662 - accuracy: 0.3868
2025-04-23 00:49:13,059 - INFO - TRAIN OUTPUT: 49/81 [=================>............] - ETA: 8s - loss: 1.9432 - accuracy: 0.3956
2025-04-23 00:49:13,309 - INFO - TRAIN OUTPUT: 50/81 [=================>............] - ETA: 7s - loss: 1.9256 - accuracy: 0.4009
2025-04-23 00:49:13,570 - INFO - TRAIN OUTPUT: 51/81 [=================>............] - ETA: 7s - loss: 1.9051 - accuracy: 0.4097
2025-04-23 00:49:13,820 - INFO - TRAIN OUTPUT: 52/81 [==================>...........] - ETA: 7s - loss: 1.8876 - accuracy: 0.4145
2025-04-23 00:49:14,071 - INFO - TRAIN OUTPUT: 53/81 [==================>...........] - ETA: 7s - loss: 1.8728 - accuracy: 0.4197
2025-04-23 00:49:14,329 - INFO - TRAIN OUTPUT: 54/81 [===================>..........] - ETA: 6s - loss: 1.8570 - accuracy: 0.4271
2025-04-23 00:49:14,580 - INFO - TRAIN OUTPUT: 55/81 [===================>..........] - ETA: 6s - loss: 1.8425 - accuracy: 0.4313
2025-04-23 00:49:14,829 - INFO - TRAIN OUTPUT: 56/81 [===================>..........] - ETA: 6s - loss: 1.8302 - accuracy: 0.4353
2025-04-23 00:49:15,091 - INFO - TRAIN OUTPUT: 57/81 [====================>.........] - ETA: 6s - loss: 1.8172 - accuracy: 0.4387
2025-04-23 00:49:15,342 - INFO - TRAIN OUTPUT: 58/81 [====================>.........] - ETA: 5s - loss: 1.8055 - accuracy: 0.4441
2025-04-23 00:49:15,607 - INFO - TRAIN OUTPUT: 59/81 [====================>.........] - ETA: 5s - loss: 1.7913 - accuracy: 0.4488
2025-04-23 00:49:15,849 - INFO - TRAIN OUTPUT: 60/81 [=====================>........] - ETA: 5s - loss: 1.7795 - accuracy: 0.4539
2025-04-23 00:49:16,095 - INFO - TRAIN OUTPUT: 61/81 [=====================>........] - ETA: 5s - loss: 1.7662 - accuracy: 0.4588
2025-04-23 00:49:16,346 - INFO - TRAIN OUTPUT: 62/81 [=====================>........] - ETA: 4s - loss: 1.7482 - accuracy: 0.4641
2025-04-23 00:49:16,599 - INFO - TRAIN OUTPUT: 63/81 [======================>.......] - ETA: 4s - loss: 1.7382 - accuracy: 0.4667
2025-04-23 00:49:16,880 - INFO - TRAIN OUTPUT: 64/81 [======================>.......] - ETA: 4s - loss: 1.7255 - accuracy: 0.4711
2025-04-23 00:49:17,155 - INFO - TRAIN OUTPUT: 65/81 [=======================>......] - ETA: 4s - loss: 1.7140 - accuracy: 0.4745
2025-04-23 00:49:17,411 - INFO - TRAIN OUTPUT: 66/81 [=======================>......] - ETA: 3s - loss: 1.6988 - accuracy: 0.4787
2025-04-23 00:49:17,646 - INFO - TRAIN OUTPUT: 67/81 [=======================>......] - ETA: 3s - loss: 1.6903 - accuracy: 0.4819
2025-04-23 00:49:17,897 - INFO - TRAIN OUTPUT: 68/81 [========================>.....] - ETA: 3s - loss: 1.6814 - accuracy: 0.4863
2025-04-23 00:49:18,144 - INFO - TRAIN OUTPUT: 69/81 [========================>.....] - ETA: 3s - loss: 1.6707 - accuracy: 0.4897
2025-04-23 00:49:18,401 - INFO - TRAIN OUTPUT: 70/81 [========================>.....] - ETA: 2s - loss: 1.6579 - accuracy: 0.4948
2025-04-23 00:49:18,655 - INFO - TRAIN OUTPUT: 71/81 [=========================>....] - ETA: 2s - loss: 1.6455 - accuracy: 0.4998
2025-04-23 00:49:18,894 - INFO - TRAIN OUTPUT: 72/81 [=========================>....] - ETA: 2s - loss: 1.6340 - accuracy: 0.5046
2025-04-23 00:49:19,141 - INFO - TRAIN OUTPUT: 73/81 [==========================>...] - ETA: 2s - loss: 1.6240 - accuracy: 0.5076
2025-04-23 00:49:19,387 - INFO - TRAIN OUTPUT: 74/81 [==========================>...] - ETA: 1s - loss: 1.6113 - accuracy: 0.5113
2025-04-23 00:49:19,624 - INFO - TRAIN OUTPUT: 75/81 [==========================>...] - ETA: 1s - loss: 1.5989 - accuracy: 0.5162
2025-04-23 00:49:19,881 - INFO - TRAIN OUTPUT: 76/81 [===========================>..] - ETA: 1s - loss: 1.5876 - accuracy: 0.5205
2025-04-23 00:49:20,133 - INFO - TRAIN OUTPUT: 77/81 [===========================>..] - ETA: 1s - loss: 1.5778 - accuracy: 0.5235
2025-04-23 00:49:20,400 - INFO - TRAIN OUTPUT: 78/81 [===========================>..] - ETA: 0s - loss: 1.5649 - accuracy: 0.5285
2025-04-23 00:49:20,671 - INFO - TRAIN OUTPUT: 79/81 [============================>.] - ETA: 0s - loss: 1.5528 - accuracy: 0.5325
2025-04-23 00:49:20,922 - INFO - TRAIN OUTPUT: 80/81 [============================>.] - ETA: 0s - loss: 1.5404 - accuracy: 0.5360
2025-04-23 00:49:28,068 - INFO - Temporary model saved at epoch 1
2025-04-23 00:49:28,267 - INFO - TRAIN OUTPUT: 81/81 [==============================] - ETA: 0s - loss: 1.5310 - accuracy: 0.5391
2025-04-23 00:49:28,267 - INFO - TRAIN OUTPUT: 81/81 [==============================] - 33s 346ms/step - loss: 1.5310 - accuracy: 0.5391 - val_loss: 0.6167 - val_accuracy: 0.8380
2025-04-23 00:49:28,278 - INFO - TRAIN OUTPUT: Epoch 2/10
2025-04-23 00:49:28,593 - INFO - TRAIN OUTPUT: 
2025-04-23 00:49:28,832 - INFO - TRAIN OUTPUT: 1/81 [..............................] - ETA: 25s - loss: 0.7927 - accuracy: 0.7188
2025-04-23 00:49:29,076 - INFO - TRAIN OUTPUT: 2/81 [..............................] - ETA: 18s - loss: 0.6400 - accuracy: 0.8594
2025-04-23 00:49:29,308 - INFO - TRAIN OUTPUT: 3/81 [>.............................] - ETA: 18s - loss: 0.6070 - accuracy: 0.8750
2025-04-23 00:49:29,540 - INFO - TRAIN OUTPUT: 4/81 [>.............................] - ETA: 18s - loss: 0.5827 - accuracy: 0.8906
2025-04-23 00:49:29,786 - INFO - TRAIN OUTPUT: 5/81 [>.............................] - ETA: 17s - loss: 0.5919 - accuracy: 0.8813
2025-04-23 00:49:30,020 - INFO - TRAIN OUTPUT: 6/81 [=>............................] - ETA: 17s - loss: 0.6181 - accuracy: 0.8646
2025-04-23 00:49:30,254 - INFO - TRAIN OUTPUT: 7/81 [=>............................] - ETA: 17s - loss: 0.6026 - accuracy: 0.8705
2025-04-23 00:49:30,489 - INFO - TRAIN OUTPUT: 8/81 [=>............................] - ETA: 17s - loss: 0.6019 - accuracy: 0.8633
2025-04-23 00:49:30,726 - INFO - TRAIN OUTPUT: 9/81 [==>...........................] - ETA: 17s - loss: 0.5907 - accuracy: 0.8611
2025-04-23 00:49:30,962 - INFO - TRAIN OUTPUT: 10/81 [==>...........................] - ETA: 16s - loss: 0.6132 - accuracy: 0.8562
2025-04-23 00:49:31,197 - INFO - TRAIN OUTPUT: 11/81 [===>..........................] - ETA: 16s - loss: 0.6163 - accuracy: 0.8580
2025-04-23 00:49:31,521 - INFO - TRAIN OUTPUT: 12/81 [===>..........................] - ETA: 16s - loss: 0.6186 - accuracy: 0.8516
2025-04-23 00:49:31,762 - INFO - TRAIN OUTPUT: 14/81 [====>.........................] - ETA: 15s - loss: 0.6144 - accuracy: 0.8501
2025-04-23 00:49:32,007 - INFO - TRAIN OUTPUT: 15/81 [====>.........................] - ETA: 14s - loss: 0.6104 - accuracy: 0.8519
2025-04-23 00:49:32,242 - INFO - TRAIN OUTPUT: 16/81 [====>.........................] - ETA: 14s - loss: 0.6045 - accuracy: 0.8534
2025-04-23 00:49:32,472 - INFO - TRAIN OUTPUT: 17/81 [=====>........................] - ETA: 14s - loss: 0.6160 - accuracy: 0.8489
2025-04-23 00:49:32,700 - INFO - TRAIN OUTPUT: 18/81 [=====>........................] - ETA: 14s - loss: 0.6146 - accuracy: 0.8486
2025-04-23 00:49:32,937 - INFO - TRAIN OUTPUT: 19/81 [======>.......................] - ETA: 14s - loss: 0.6136 - accuracy: 0.8484
2025-04-23 00:49:33,178 - INFO - TRAIN OUTPUT: 20/81 [======>.......................] - ETA: 13s - loss: 0.6076 - accuracy: 0.8514
2025-04-23 00:49:33,415 - INFO - TRAIN OUTPUT: 21/81 [======>.......................] - ETA: 13s - loss: 0.5944 - accuracy: 0.8556
2025-04-23 00:49:33,651 - INFO - TRAIN OUTPUT: 22/81 [=======>......................] - ETA: 13s - loss: 0.5819 - accuracy: 0.8594
2025-04-23 00:49:33,887 - INFO - TRAIN OUTPUT: 23/81 [=======>......................] - ETA: 13s - loss: 0.5760 - accuracy: 0.8615
2025-04-23 00:49:34,118 - INFO - TRAIN OUTPUT: 24/81 [=======>......................] - ETA: 13s - loss: 0.5740 - accuracy: 0.8635
2025-04-23 00:49:34,356 - INFO - TRAIN OUTPUT: 25/81 [========>.....................] - ETA: 12s - loss: 0.5724 - accuracy: 0.8601
2025-04-23 00:49:34,592 - INFO - TRAIN OUTPUT: 26/81 [========>.....................] - ETA: 12s - loss: 0.5697 - accuracy: 0.8619
2025-04-23 00:49:34,840 - INFO - TRAIN OUTPUT: 27/81 [=========>....................] - ETA: 12s - loss: 0.5616 - accuracy: 0.8648
2025-04-23 00:49:35,078 - INFO - TRAIN OUTPUT: 28/81 [=========>....................] - ETA: 12s - loss: 0.5617 - accuracy: 0.8640
2025-04-23 00:49:35,300 - INFO - TRAIN OUTPUT: 29/81 [=========>....................] - ETA: 12s - loss: 0.5567 - accuracy: 0.8666
2025-04-23 00:49:35,536 - INFO - TRAIN OUTPUT: 30/81 [==========>...................] - ETA: 11s - loss: 0.5521 - accuracy: 0.8669
2025-04-23 00:49:35,770 - INFO - TRAIN OUTPUT: 31/81 [==========>...................] - ETA: 11s - loss: 0.5519 - accuracy: 0.8671
2025-04-23 00:49:36,005 - INFO - TRAIN OUTPUT: 32/81 [==========>...................] - ETA: 11s - loss: 0.5470 - accuracy: 0.8704
2025-04-23 00:49:36,245 - INFO - TRAIN OUTPUT: 33/81 [===========>..................] - ETA: 11s - loss: 0.5448 - accuracy: 0.8686
2025-04-23 00:49:36,484 - INFO - TRAIN OUTPUT: 34/81 [===========>..................] - ETA: 10s - loss: 0.5409 - accuracy: 0.8688
2025-04-23 00:49:36,717 - INFO - TRAIN OUTPUT: 35/81 [===========>..................] - ETA: 10s - loss: 0.5403 - accuracy: 0.8672
2025-04-23 00:49:36,961 - INFO - TRAIN OUTPUT: 36/81 [============>.................] - ETA: 10s - loss: 0.5371 - accuracy: 0.8683
2025-04-23 00:49:37,195 - INFO - TRAIN OUTPUT: 37/81 [============>.................] - ETA: 10s - loss: 0.5366 - accuracy: 0.8684
2025-04-23 00:49:37,430 - INFO - TRAIN OUTPUT: 38/81 [=============>................] - ETA: 9s - loss: 0.5337 - accuracy: 0.8695
2025-04-23 00:49:37,671 - INFO - TRAIN OUTPUT: 39/81 [=============>................] - ETA: 9s - loss: 0.5305 - accuracy: 0.8720
2025-04-23 00:49:37,902 - INFO - TRAIN OUTPUT: 40/81 [=============>................] - ETA: 9s - loss: 0.5256 - accuracy: 0.8729
2025-04-23 00:49:38,131 - INFO - TRAIN OUTPUT: 41/81 [==============>...............] - ETA: 9s - loss: 0.5253 - accuracy: 0.8730
2025-04-23 00:49:38,366 - INFO - TRAIN OUTPUT: 42/81 [==============>...............] - ETA: 9s - loss: 0.5186 - accuracy: 0.8753
2025-04-23 00:49:38,594 - INFO - TRAIN OUTPUT: 43/81 [==============>...............] - ETA: 8s - loss: 0.5176 - accuracy: 0.8745
2025-04-23 00:49:38,829 - INFO - TRAIN OUTPUT: 44/81 [===============>..............] - ETA: 8s - loss: 0.5192 - accuracy: 0.8717
2025-04-23 00:49:39,072 - INFO - TRAIN OUTPUT: 45/81 [===============>..............] - ETA: 8s - loss: 0.5157 - accuracy: 0.8732
2025-04-23 00:49:39,311 - INFO - TRAIN OUTPUT: 46/81 [================>.............] - ETA: 8s - loss: 0.5152 - accuracy: 0.8739
2025-04-23 00:49:39,546 - INFO - TRAIN OUTPUT: 47/81 [================>.............] - ETA: 7s - loss: 0.5112 - accuracy: 0.8746
2025-04-23 00:49:39,792 - INFO - TRAIN OUTPUT: 48/81 [================>.............] - ETA: 7s - loss: 0.5107 - accuracy: 0.8726
2025-04-23 00:49:40,028 - INFO - TRAIN OUTPUT: 49/81 [=================>............] - ETA: 7s - loss: 0.5082 - accuracy: 0.8733
2025-04-23 00:49:40,270 - INFO - TRAIN OUTPUT: 50/81 [=================>............] - ETA: 7s - loss: 0.5067 - accuracy: 0.8740
2025-04-23 00:49:40,504 - INFO - TRAIN OUTPUT: 51/81 [=================>............] - ETA: 7s - loss: 0.5028 - accuracy: 0.8759
2025-04-23 00:49:40,734 - INFO - TRAIN OUTPUT: 52/81 [==================>...........] - ETA: 6s - loss: 0.4996 - accuracy: 0.8771
2025-04-23 00:49:40,967 - INFO - TRAIN OUTPUT: 53/81 [==================>...........] - ETA: 6s - loss: 0.4973 - accuracy: 0.8776
2025-04-23 00:49:41,204 - INFO - TRAIN OUTPUT: 54/81 [===================>..........] - ETA: 6s - loss: 0.4960 - accuracy: 0.8770
2025-04-23 00:49:41,445 - INFO - TRAIN OUTPUT: 55/81 [===================>..........] - ETA: 6s - loss: 0.4932 - accuracy: 0.8769
2025-04-23 00:49:41,681 - INFO - TRAIN OUTPUT: 56/81 [===================>..........] - ETA: 5s - loss: 0.4907 - accuracy: 0.8775
2025-04-23 00:49:41,915 - INFO - TRAIN OUTPUT: 57/81 [====================>.........] - ETA: 5s - loss: 0.4922 - accuracy: 0.8769
2025-04-23 00:49:42,150 - INFO - TRAIN OUTPUT: 58/81 [====================>.........] - ETA: 5s - loss: 0.4899 - accuracy: 0.8774
2025-04-23 00:49:42,381 - INFO - TRAIN OUTPUT: 59/81 [====================>.........] - ETA: 5s - loss: 0.4865 - accuracy: 0.8784
2025-04-23 00:49:42,619 - INFO - TRAIN OUTPUT: 60/81 [=====================>........] - ETA: 4s - loss: 0.4832 - accuracy: 0.8799
2025-04-23 00:49:42,857 - INFO - TRAIN OUTPUT: 61/81 [=====================>........] - ETA: 4s - loss: 0.4831 - accuracy: 0.8799
2025-04-23 00:49:43,103 - INFO - TRAIN OUTPUT: 62/81 [=====================>........] - ETA: 4s - loss: 0.4840 - accuracy: 0.8782
2025-04-23 00:49:43,334 - INFO - TRAIN OUTPUT: 63/81 [======================>.......] - ETA: 4s - loss: 0.4814 - accuracy: 0.8787
2025-04-23 00:49:43,570 - INFO - TRAIN OUTPUT: 64/81 [======================>.......] - ETA: 3s - loss: 0.4779 - accuracy: 0.8801
2025-04-23 00:49:43,806 - INFO - TRAIN OUTPUT: 65/81 [=======================>......] - ETA: 3s - loss: 0.4744 - accuracy: 0.8810
2025-04-23 00:49:44,039 - INFO - TRAIN OUTPUT: 66/81 [=======================>......] - ETA: 3s - loss: 0.4712 - accuracy: 0.8819
2025-04-23 00:49:44,274 - INFO - TRAIN OUTPUT: 67/81 [=======================>......] - ETA: 3s - loss: 0.4678 - accuracy: 0.8832
2025-04-23 00:49:44,506 - INFO - TRAIN OUTPUT: 68/81 [========================>.....] - ETA: 3s - loss: 0.4659 - accuracy: 0.8835
2025-04-23 00:49:44,743 - INFO - TRAIN OUTPUT: 69/81 [========================>.....] - ETA: 2s - loss: 0.4641 - accuracy: 0.8843
2025-04-23 00:49:44,994 - INFO - TRAIN OUTPUT: 70/81 [========================>.....] - ETA: 2s - loss: 0.4635 - accuracy: 0.8837
2025-04-23 00:49:45,231 - INFO - TRAIN OUTPUT: 71/81 [=========================>....] - ETA: 2s - loss: 0.4608 - accuracy: 0.8841
2025-04-23 00:49:45,465 - INFO - TRAIN OUTPUT: 72/81 [=========================>....] - ETA: 2s - loss: 0.4598 - accuracy: 0.8844
2025-04-23 00:49:45,697 - INFO - TRAIN OUTPUT: 73/81 [==========================>...] - ETA: 1s - loss: 0.4585 - accuracy: 0.8847
2025-04-23 00:49:45,928 - INFO - TRAIN OUTPUT: 74/81 [==========================>...] - ETA: 1s - loss: 0.4566 - accuracy: 0.8858
2025-04-23 00:49:46,162 - INFO - TRAIN OUTPUT: 75/81 [==========================>...] - ETA: 1s - loss: 0.4559 - accuracy: 0.8861
2025-04-23 00:49:46,399 - INFO - TRAIN OUTPUT: 76/81 [===========================>..] - ETA: 1s - loss: 0.4549 - accuracy: 0.8859
2025-04-23 00:49:46,637 - INFO - TRAIN OUTPUT: 77/81 [===========================>..] - ETA: 0s - loss: 0.4566 - accuracy: 0.8846
2025-04-23 00:49:46,870 - INFO - TRAIN OUTPUT: 78/81 [===========================>..] - ETA: 0s - loss: 0.4549 - accuracy: 0.8848
2025-04-23 00:49:47,107 - INFO - TRAIN OUTPUT: 79/81 [============================>.] - ETA: 0s - loss: 0.4535 - accuracy: 0.8855
2025-04-23 00:49:47,341 - INFO - TRAIN OUTPUT: 80/81 [============================>.] - ETA: 0s - loss: 0.4521 - accuracy: 0.8854
2025-04-23 00:49:52,410 - INFO - Temporary model saved at epoch 2
2025-04-23 00:49:52,623 - INFO - TRAIN OUTPUT: 81/81 [==============================] - ETA: 0s - loss: 0.4497 - accuracy: 0.8864
2025-04-23 00:49:52,623 - INFO - TRAIN OUTPUT: 81/81 [==============================] - 24s 300ms/step - loss: 0.4497 - accuracy: 0.8864 - val_loss: 0.3591 - val_accuracy: 0.8879
2025-04-23 00:49:52,633 - INFO - TRAIN OUTPUT: Epoch 3/10
2025-04-23 00:49:52,959 - INFO - TRAIN OUTPUT: 
2025-04-23 00:49:53,202 - INFO - TRAIN OUTPUT: 1/81 [..............................] - ETA: 26s - loss: 0.4103 - accuracy: 0.8750
2025-04-23 00:49:53,453 - INFO - TRAIN OUTPUT: 2/81 [..............................] - ETA: 19s - loss: 0.3935 - accuracy: 0.8750
2025-04-23 00:49:53,699 - INFO - TRAIN OUTPUT: 3/81 [>.............................] - ETA: 19s - loss: 0.3362 - accuracy: 0.8958
2025-04-23 00:49:53,940 - INFO - TRAIN OUTPUT: 4/81 [>.............................] - ETA: 18s - loss: 0.3456 - accuracy: 0.9062
2025-04-23 00:49:54,179 - INFO - TRAIN OUTPUT: 5/81 [>.............................] - ETA: 18s - loss: 0.3592 - accuracy: 0.9000
2025-04-23 00:49:54,413 - INFO - TRAIN OUTPUT: 6/81 [=>............................] - ETA: 18s - loss: 0.3313 - accuracy: 0.9167
2025-04-23 00:49:54,646 - INFO - TRAIN OUTPUT: 7/81 [=>............................] - ETA: 17s - loss: 0.3426 - accuracy: 0.9107
2025-04-23 00:49:54,876 - INFO - TRAIN OUTPUT: 8/81 [=>............................] - ETA: 17s - loss: 0.3458 - accuracy: 0.9102
2025-04-23 00:49:55,113 - INFO - TRAIN OUTPUT: 9/81 [==>...........................] - ETA: 17s - loss: 0.3437 - accuracy: 0.9062
2025-04-23 00:49:55,352 - INFO - TRAIN OUTPUT: 10/81 [==>...........................] - ETA: 16s - loss: 0.3429 - accuracy: 0.9062
2025-04-23 00:49:55,583 - INFO - TRAIN OUTPUT: 11/81 [===>..........................] - ETA: 16s - loss: 0.3340 - accuracy: 0.9062
2025-04-23 00:49:55,820 - INFO - TRAIN OUTPUT: 12/81 [===>..........................] - ETA: 16s - loss: 0.3234 - accuracy: 0.9115
2025-04-23 00:49:56,062 - INFO - TRAIN OUTPUT: 13/81 [===>..........................] - ETA: 16s - loss: 0.3284 - accuracy: 0.9111
2025-04-23 00:49:56,303 - INFO - TRAIN OUTPUT: 14/81 [====>.........................] - ETA: 15s - loss: 0.3284 - accuracy: 0.9085
2025-04-23 00:49:56,573 - INFO - TRAIN OUTPUT: 15/81 [====>.........................] - ETA: 15s - loss: 0.3281 - accuracy: 0.9083
2025-04-23 00:49:56,815 - INFO - TRAIN OUTPUT: 16/81 [====>.........................] - ETA: 15s - loss: 0.3305 - accuracy: 0.9082
2025-04-23 00:49:57,069 - INFO - TRAIN OUTPUT: 17/81 [=====>........................] - ETA: 15s - loss: 0.3287 - accuracy: 0.9044
2025-04-23 00:49:57,312 - INFO - TRAIN OUTPUT: 18/81 [=====>........................] - ETA: 15s - loss: 0.3232 - accuracy: 0.9080
2025-04-23 00:49:57,546 - INFO - TRAIN OUTPUT: 19/81 [======>.......................] - ETA: 14s - loss: 0.3304 - accuracy: 0.9030
2025-04-23 00:49:57,774 - INFO - TRAIN OUTPUT: 20/81 [======>.......................] - ETA: 14s - loss: 0.3281 - accuracy: 0.9047
2025-04-23 00:49:58,002 - INFO - TRAIN OUTPUT: 21/81 [======>.......................] - ETA: 14s - loss: 0.3252 - accuracy: 0.9062
2025-04-23 00:49:58,225 - INFO - TRAIN OUTPUT: 22/81 [=======>......................] - ETA: 14s - loss: 0.3240 - accuracy: 0.9077
2025-04-23 00:49:58,480 - INFO - TRAIN OUTPUT: 23/81 [=======>......................] - ETA: 13s - loss: 0.3231 - accuracy: 0.9103
2025-04-23 00:49:58,746 - INFO - TRAIN OUTPUT: 24/81 [=======>......................] - ETA: 13s - loss: 0.3334 - accuracy: 0.9062
2025-04-23 00:49:59,008 - INFO - TRAIN OUTPUT: 25/81 [========>.....................] - ETA: 13s - loss: 0.3274 - accuracy: 0.9100
2025-04-23 00:49:59,265 - INFO - TRAIN OUTPUT: 26/81 [========>.....................] - ETA: 13s - loss: 0.3323 - accuracy: 0.9075
2025-04-23 00:49:59,522 - INFO - TRAIN OUTPUT: 27/81 [=========>....................] - ETA: 13s - loss: 0.3325 - accuracy: 0.9074
2025-04-23 00:49:59,788 - INFO - TRAIN OUTPUT: 28/81 [=========>....................] - ETA: 12s - loss: 0.3305 - accuracy: 0.9074
2025-04-23 00:50:00,045 - INFO - TRAIN OUTPUT: 29/81 [=========>....................] - ETA: 12s - loss: 0.3275 - accuracy: 0.9084
2025-04-23 00:50:00,302 - INFO - TRAIN OUTPUT: 30/81 [==========>...................] - ETA: 12s - loss: 0.3297 - accuracy: 0.9073
2025-04-23 00:50:00,550 - INFO - TRAIN OUTPUT: 31/81 [==========>...................] - ETA: 12s - loss: 0.3333 - accuracy: 0.9062
2025-04-23 00:50:00,806 - INFO - TRAIN OUTPUT: 32/81 [==========>...................] - ETA: 11s - loss: 0.3304 - accuracy: 0.9082
2025-04-23 00:50:01,045 - INFO - TRAIN OUTPUT: 33/81 [===========>..................] - ETA: 11s - loss: 0.3268 - accuracy: 0.9100
2025-04-23 00:50:01,284 - INFO - TRAIN OUTPUT: 34/81 [===========>..................] - ETA: 11s - loss: 0.3258 - accuracy: 0.9108
2025-04-23 00:50:01,520 - INFO - TRAIN OUTPUT: 35/81 [===========>..................] - ETA: 11s - loss: 0.3270 - accuracy: 0.9107
2025-04-23 00:50:01,775 - INFO - TRAIN OUTPUT: 36/81 [============>.................] - ETA: 11s - loss: 0.3224 - accuracy: 0.9132
2025-04-23 00:50:02,024 - INFO - TRAIN OUTPUT: 37/81 [============>.................] - ETA: 10s - loss: 0.3177 - accuracy: 0.9155
2025-04-23 00:50:02,282 - INFO - TRAIN OUTPUT: 38/81 [=============>................] - ETA: 10s - loss: 0.3170 - accuracy: 0.9153
2025-04-23 00:50:02,545 - INFO - TRAIN OUTPUT: 39/81 [=============>................] - ETA: 10s - loss: 0.3181 - accuracy: 0.9127
2025-04-23 00:50:02,792 - INFO - TRAIN OUTPUT: 40/81 [=============>................] - ETA: 10s - loss: 0.3167 - accuracy: 0.9133
2025-04-23 00:50:03,034 - INFO - TRAIN OUTPUT: 41/81 [==============>...............] - ETA: 9s - loss: 0.3146 - accuracy: 0.9146
2025-04-23 00:50:03,280 - INFO - TRAIN OUTPUT: 42/81 [==============>...............] - ETA: 9s - loss: 0.3124 - accuracy: 0.9159
2025-04-23 00:50:03,522 - INFO - TRAIN OUTPUT: 43/81 [==============>...............] - ETA: 9s - loss: 0.3132 - accuracy: 0.9164
2025-04-23 00:50:03,852 - INFO - TRAIN OUTPUT: 44/81 [===============>..............] - ETA: 9s - loss: 0.3123 - accuracy: 0.9169
2025-04-23 00:50:04,095 - INFO - TRAIN OUTPUT: 46/81 [================>.............] - ETA: 8s - loss: 0.3140 - accuracy: 0.9166
2025-04-23 00:50:04,353 - INFO - TRAIN OUTPUT: 47/81 [================>.............] - ETA: 8s - loss: 0.3119 - accuracy: 0.9177
2025-04-23 00:50:04,592 - INFO - TRAIN OUTPUT: 48/81 [================>.............] - ETA: 8s - loss: 0.3115 - accuracy: 0.9175
2025-04-23 00:50:04,827 - INFO - TRAIN OUTPUT: 49/81 [=================>............] - ETA: 7s - loss: 0.3090 - accuracy: 0.9192
2025-04-23 00:50:05,078 - INFO - TRAIN OUTPUT: 50/81 [=================>............] - ETA: 7s - loss: 0.3082 - accuracy: 0.9196
2025-04-23 00:50:05,340 - INFO - TRAIN OUTPUT: 51/81 [=================>............] - ETA: 7s - loss: 0.3060 - accuracy: 0.9199
2025-04-23 00:50:05,590 - INFO - TRAIN OUTPUT: 52/81 [==================>...........] - ETA: 7s - loss: 0.3069 - accuracy: 0.9191
2025-04-23 00:50:05,830 - INFO - TRAIN OUTPUT: 53/81 [==================>...........] - ETA: 6s - loss: 0.3060 - accuracy: 0.9194
2025-04-23 00:50:06,075 - INFO - TRAIN OUTPUT: 54/81 [===================>..........] - ETA: 6s - loss: 0.3030 - accuracy: 0.9203
2025-04-23 00:50:06,318 - INFO - TRAIN OUTPUT: 55/81 [===================>..........] - ETA: 6s - loss: 0.3006 - accuracy: 0.9212
2025-04-23 00:50:06,562 - INFO - TRAIN OUTPUT: 56/81 [===================>..........] - ETA: 6s - loss: 0.2977 - accuracy: 0.9215
2025-04-23 00:50:06,812 - INFO - TRAIN OUTPUT: 57/81 [====================>.........] - ETA: 5s - loss: 0.2969 - accuracy: 0.9224
2025-04-23 00:50:07,094 - INFO - TRAIN OUTPUT: 58/81 [====================>.........] - ETA: 5s - loss: 0.2964 - accuracy: 0.9221
2025-04-23 00:50:07,350 - INFO - TRAIN OUTPUT: 59/81 [====================>.........] - ETA: 5s - loss: 0.2937 - accuracy: 0.9234
2025-04-23 00:50:07,659 - INFO - TRAIN OUTPUT: 60/81 [=====================>........] - ETA: 5s - loss: 0.2906 - accuracy: 0.9247
2025-04-23 00:50:08,004 - INFO - TRAIN OUTPUT: 61/81 [=====================>........] - ETA: 4s - loss: 0.2899 - accuracy: 0.9254
2025-04-23 00:50:08,338 - INFO - TRAIN OUTPUT: 62/81 [=====================>........] - ETA: 4s - loss: 0.2900 - accuracy: 0.9251
2025-04-23 00:50:08,646 - INFO - TRAIN OUTPUT: 63/81 [======================>.......] - ETA: 4s - loss: 0.2875 - accuracy: 0.9258
2025-04-23 00:50:08,906 - INFO - TRAIN OUTPUT: 64/81 [======================>.......] - ETA: 4s - loss: 0.2867 - accuracy: 0.9260
2025-04-23 00:50:09,169 - INFO - TRAIN OUTPUT: 65/81 [=======================>......] - ETA: 3s - loss: 0.2850 - accuracy: 0.9262
2025-04-23 00:50:09,411 - INFO - TRAIN OUTPUT: 66/81 [=======================>......] - ETA: 3s - loss: 0.2836 - accuracy: 0.9268
2025-04-23 00:50:09,664 - INFO - TRAIN OUTPUT: 67/81 [=======================>......] - ETA: 3s - loss: 0.2829 - accuracy: 0.9275
2025-04-23 00:50:09,910 - INFO - TRAIN OUTPUT: 68/81 [========================>.....] - ETA: 3s - loss: 0.2812 - accuracy: 0.9281
2025-04-23 00:50:10,181 - INFO - TRAIN OUTPUT: 69/81 [========================>.....] - ETA: 2s - loss: 0.2799 - accuracy: 0.9287
2025-04-23 00:50:10,443 - INFO - TRAIN OUTPUT: 70/81 [========================>.....] - ETA: 2s - loss: 0.2782 - accuracy: 0.9297
2025-04-23 00:50:10,684 - INFO - TRAIN OUTPUT: 71/81 [=========================>....] - ETA: 2s - loss: 0.2780 - accuracy: 0.9303
2025-04-23 00:50:10,951 - INFO - TRAIN OUTPUT: 72/81 [=========================>....] - ETA: 2s - loss: 0.2776 - accuracy: 0.9299
2025-04-23 00:50:11,198 - INFO - TRAIN OUTPUT: 73/81 [==========================>...] - ETA: 1s - loss: 0.2762 - accuracy: 0.9305
2025-04-23 00:50:11,461 - INFO - TRAIN OUTPUT: 74/81 [==========================>...] - ETA: 1s - loss: 0.2748 - accuracy: 0.9310
2025-04-23 00:50:11,719 - INFO - TRAIN OUTPUT: 75/81 [==========================>...] - ETA: 1s - loss: 0.2733 - accuracy: 0.9311
2025-04-23 00:50:11,995 - INFO - TRAIN OUTPUT: 76/81 [===========================>..] - ETA: 1s - loss: 0.2711 - accuracy: 0.9320
2025-04-23 00:50:12,338 - INFO - TRAIN OUTPUT: 77/81 [===========================>..] - ETA: 1s - loss: 0.2701 - accuracy: 0.9321
2025-04-23 00:50:12,625 - INFO - TRAIN OUTPUT: 78/81 [===========================>..] - ETA: 0s - loss: 0.2688 - accuracy: 0.9321
2025-04-23 00:50:12,922 - INFO - TRAIN OUTPUT: 79/81 [============================>.] - ETA: 0s - loss: 0.2710 - accuracy: 0.9314
2025-04-23 00:50:13,201 - INFO - TRAIN OUTPUT: 80/81 [============================>.] - ETA: 0s - loss: 0.2690 - accuracy: 0.9323
2025-04-23 00:50:18,978 - INFO - Temporary model saved at epoch 3
2025-04-23 00:50:19,200 - INFO - TRAIN OUTPUT: 81/81 [==============================] - ETA: 0s - loss: 0.2678 - accuracy: 0.9323
2025-04-23 00:50:19,200 - INFO - TRAIN OUTPUT: 81/81 [==============================] - 27s 328ms/step - loss: 0.2678 - accuracy: 0.9323 - val_loss: 0.2644 - val_accuracy: 0.9081
2025-04-23 00:50:19,211 - INFO - TRAIN OUTPUT: Epoch 4/10
2025-04-23 00:50:19,537 - INFO - TRAIN OUTPUT: 
2025-04-23 00:50:19,795 - INFO - TRAIN OUTPUT: 1/81 [..............................] - ETA: 26s - loss: 0.1971 - accuracy: 0.9688
2025-04-23 00:50:20,060 - INFO - TRAIN OUTPUT: 2/81 [..............................] - ETA: 20s - loss: 0.1580 - accuracy: 0.9844
2025-04-23 00:50:20,324 - INFO - TRAIN OUTPUT: 3/81 [>.............................] - ETA: 20s - loss: 0.1841 - accuracy: 0.9688
2025-04-23 00:50:20,593 - INFO - TRAIN OUTPUT: 4/81 [>.............................] - ETA: 20s - loss: 0.1646 - accuracy: 0.9766
2025-04-23 00:50:20,873 - INFO - TRAIN OUTPUT: 5/81 [>.............................] - ETA: 20s - loss: 0.1966 - accuracy: 0.9688
2025-04-23 00:50:21,142 - INFO - TRAIN OUTPUT: 6/81 [=>............................] - ETA: 20s - loss: 0.2064 - accuracy: 0.9635
2025-04-23 00:50:21,398 - INFO - TRAIN OUTPUT: 7/81 [=>............................] - ETA: 19s - loss: 0.2068 - accuracy: 0.9643
2025-04-23 00:50:21,669 - INFO - TRAIN OUTPUT: 8/81 [=>............................] - ETA: 19s - loss: 0.2101 - accuracy: 0.9609
2025-04-23 00:50:21,931 - INFO - TRAIN OUTPUT: 9/81 [==>...........................] - ETA: 19s - loss: 0.2133 - accuracy: 0.9583
2025-04-23 00:50:22,198 - INFO - TRAIN OUTPUT: 10/81 [==>...........................] - ETA: 18s - loss: 0.2065 - accuracy: 0.9594
2025-04-23 00:50:22,464 - INFO - TRAIN OUTPUT: 11/81 [===>..........................] - ETA: 18s - loss: 0.2015 - accuracy: 0.9602
2025-04-23 00:50:22,730 - INFO - TRAIN OUTPUT: 12/81 [===>..........................] - ETA: 18s - loss: 0.1990 - accuracy: 0.9583
2025-04-23 00:50:22,999 - INFO - TRAIN OUTPUT: 13/81 [===>..........................] - ETA: 18s - loss: 0.1951 - accuracy: 0.9591
2025-04-23 00:50:23,269 - INFO - TRAIN OUTPUT: 14/81 [====>.........................] - ETA: 17s - loss: 0.1908 - accuracy: 0.9598
2025-04-23 00:50:23,527 - INFO - TRAIN OUTPUT: 15/81 [====>.........................] - ETA: 17s - loss: 0.1868 - accuracy: 0.9604
2025-04-23 00:50:23,803 - INFO - TRAIN OUTPUT: 16/81 [====>.........................] - ETA: 17s - loss: 0.1901 - accuracy: 0.9609
2025-04-23 00:50:24,122 - INFO - TRAIN OUTPUT: 17/81 [=====>........................] - ETA: 17s - loss: 0.1858 - accuracy: 0.9632
2025-04-23 00:50:24,433 - INFO - TRAIN OUTPUT: 18/81 [=====>........................] - ETA: 16s - loss: 0.1916 - accuracy: 0.9583
2025-04-23 00:50:24,754 - INFO - TRAIN OUTPUT: 19/81 [======>.......................] - ETA: 16s - loss: 0.1871 - accuracy: 0.9605
2025-04-23 00:50:25,070 - INFO - TRAIN OUTPUT: 20/81 [======>.......................] - ETA: 16s - loss: 0.1855 - accuracy: 0.9609
2025-04-23 00:50:25,336 - INFO - TRAIN OUTPUT: 21/81 [======>.......................] - ETA: 16s - loss: 0.1855 - accuracy: 0.9598
2025-04-23 00:50:25,607 - INFO - TRAIN OUTPUT: 22/81 [=======>......................] - ETA: 16s - loss: 0.1863 - accuracy: 0.9574
2025-04-23 00:50:25,880 - INFO - TRAIN OUTPUT: 23/81 [=======>......................] - ETA: 15s - loss: 0.1885 - accuracy: 0.9565
2025-04-23 00:50:26,132 - INFO - TRAIN OUTPUT: 24/81 [=======>......................] - ETA: 15s - loss: 0.1920 - accuracy: 0.9570
2025-04-23 00:50:26,392 - INFO - TRAIN OUTPUT: 25/81 [========>.....................] - ETA: 15s - loss: 0.1975 - accuracy: 0.9525
2025-04-23 00:50:26,657 - INFO - TRAIN OUTPUT: 26/81 [========>.....................] - ETA: 15s - loss: 0.1956 - accuracy: 0.9519
2025-04-23 00:50:26,929 - INFO - TRAIN OUTPUT: 27/81 [=========>....................] - ETA: 14s - loss: 0.1918 - accuracy: 0.9537
2025-04-23 00:50:27,196 - INFO - TRAIN OUTPUT: 28/81 [=========>....................] - ETA: 14s - loss: 0.1897 - accuracy: 0.9554
2025-04-23 00:50:27,445 - INFO - TRAIN OUTPUT: 29/81 [=========>....................] - ETA: 14s - loss: 0.1882 - accuracy: 0.9569
2025-04-23 00:50:27,694 - INFO - TRAIN OUTPUT: 30/81 [==========>...................] - ETA: 13s - loss: 0.1887 - accuracy: 0.9573
2025-04-23 00:50:27,965 - INFO - TRAIN OUTPUT: 31/81 [==========>...................] - ETA: 13s - loss: 0.1875 - accuracy: 0.9587
2025-04-23 00:50:28,239 - INFO - TRAIN OUTPUT: 32/81 [==========>...................] - ETA: 13s - loss: 0.1866 - accuracy: 0.9590
2025-04-23 00:50:28,502 - INFO - TRAIN OUTPUT: 33/81 [===========>..................] - ETA: 13s - loss: 0.1878 - accuracy: 0.9574
2025-04-23 00:50:28,759 - INFO - TRAIN OUTPUT: 34/81 [===========>..................] - ETA: 12s - loss: 0.1939 - accuracy: 0.9540
2025-04-23 00:50:29,005 - INFO - TRAIN OUTPUT: 35/81 [===========>..................] - ETA: 12s - loss: 0.2010 - accuracy: 0.9518
2025-04-23 00:50:29,260 - INFO - TRAIN OUTPUT: 36/81 [============>.................] - ETA: 12s - loss: 0.2006 - accuracy: 0.9523
2025-04-23 00:50:29,545 - INFO - TRAIN OUTPUT: 37/81 [============>.................] - ETA: 11s - loss: 0.1985 - accuracy: 0.9527
2025-04-23 00:50:29,788 - INFO - TRAIN OUTPUT: 38/81 [=============>................] - ETA: 11s - loss: 0.1965 - accuracy: 0.9531
2025-04-23 00:50:30,051 - INFO - TRAIN OUTPUT: 39/81 [=============>................] - ETA: 11s - loss: 0.1966 - accuracy: 0.9511
2025-04-23 00:50:30,294 - INFO - TRAIN OUTPUT: 40/81 [=============>................] - ETA: 11s - loss: 0.1937 - accuracy: 0.9523
2025-04-23 00:50:30,564 - INFO - TRAIN OUTPUT: 41/81 [==============>...............] - ETA: 10s - loss: 0.1902 - accuracy: 0.9535
2025-04-23 00:50:30,850 - INFO - TRAIN OUTPUT: 42/81 [==============>...............] - ETA: 10s - loss: 0.1893 - accuracy: 0.9539
2025-04-23 00:50:31,125 - INFO - TRAIN OUTPUT: 43/81 [==============>...............] - ETA: 10s - loss: 0.1922 - accuracy: 0.9520
2025-04-23 00:50:31,400 - INFO - TRAIN OUTPUT: 44/81 [===============>..............] - ETA: 9s - loss: 0.1938 - accuracy: 0.9510
2025-04-23 00:50:31,671 - INFO - TRAIN OUTPUT: 45/81 [===============>..............] - ETA: 9s - loss: 0.1927 - accuracy: 0.9514
2025-04-23 00:50:31,934 - INFO - TRAIN OUTPUT: 46/81 [================>.............] - ETA: 9s - loss: 0.1921 - accuracy: 0.9511
2025-04-23 00:50:32,193 - INFO - TRAIN OUTPUT: 47/81 [================>.............] - ETA: 9s - loss: 0.1914 - accuracy: 0.9515
2025-04-23 00:50:32,448 - INFO - TRAIN OUTPUT: 48/81 [================>.............] - ETA: 8s - loss: 0.1886 - accuracy: 0.9525
2025-04-23 00:50:32,717 - INFO - TRAIN OUTPUT: 49/81 [=================>............] - ETA: 8s - loss: 0.1867 - accuracy: 0.9534
2025-04-23 00:50:32,990 - INFO - TRAIN OUTPUT: 50/81 [=================>............] - ETA: 8s - loss: 0.1864 - accuracy: 0.9525
2025-04-23 00:50:33,270 - INFO - TRAIN OUTPUT: 51/81 [=================>............] - ETA: 8s - loss: 0.1886 - accuracy: 0.9516
2025-04-23 00:50:33,546 - INFO - TRAIN OUTPUT: 52/81 [==================>...........] - ETA: 7s - loss: 0.1874 - accuracy: 0.9519
2025-04-23 00:50:33,814 - INFO - TRAIN OUTPUT: 53/81 [==================>...........] - ETA: 7s - loss: 0.1862 - accuracy: 0.9522
2025-04-23 00:50:34,087 - INFO - TRAIN OUTPUT: 54/81 [===================>..........] - ETA: 7s - loss: 0.1855 - accuracy: 0.9525
2025-04-23 00:50:34,351 - INFO - TRAIN OUTPUT: 55/81 [===================>..........] - ETA: 7s - loss: 0.1876 - accuracy: 0.9523
2025-04-23 00:50:34,618 - INFO - TRAIN OUTPUT: 56/81 [===================>..........] - ETA: 6s - loss: 0.1900 - accuracy: 0.9509
2025-04-23 00:50:34,981 - INFO - TRAIN OUTPUT: 57/81 [====================>.........] - ETA: 6s - loss: 0.1890 - accuracy: 0.9507
2025-04-23 00:50:35,271 - INFO - TRAIN OUTPUT: 59/81 [====================>.........] - ETA: 5s - loss: 0.1869 - accuracy: 0.9513
2025-04-23 00:50:35,555 - INFO - TRAIN OUTPUT: 60/81 [=====================>........] - ETA: 5s - loss: 0.1882 - accuracy: 0.9510
2025-04-23 00:50:35,840 - INFO - TRAIN OUTPUT: 61/81 [=====================>........] - ETA: 5s - loss: 0.1874 - accuracy: 0.9513
2025-04-23 00:50:36,115 - INFO - TRAIN OUTPUT: 62/81 [=====================>........] - ETA: 5s - loss: 0.1857 - accuracy: 0.9521
2025-04-23 00:50:36,399 - INFO - TRAIN OUTPUT: 63/81 [======================>.......] - ETA: 4s - loss: 0.1862 - accuracy: 0.9514
2025-04-23 00:50:36,660 - INFO - TRAIN OUTPUT: 64/81 [======================>.......] - ETA: 4s - loss: 0.1862 - accuracy: 0.9512
2025-04-23 00:50:36,930 - INFO - TRAIN OUTPUT: 65/81 [=======================>......] - ETA: 4s - loss: 0.1852 - accuracy: 0.9514
2025-04-23 00:50:37,179 - INFO - TRAIN OUTPUT: 66/81 [=======================>......] - ETA: 4s - loss: 0.1862 - accuracy: 0.9512
2025-04-23 00:50:37,441 - INFO - TRAIN OUTPUT: 67/81 [=======================>......] - ETA: 3s - loss: 0.1850 - accuracy: 0.9520
2025-04-23 00:50:37,753 - INFO - TRAIN OUTPUT: 68/81 [========================>.....] - ETA: 3s - loss: 0.1836 - accuracy: 0.9527
2025-04-23 00:50:38,083 - INFO - TRAIN OUTPUT: 69/81 [========================>.....] - ETA: 3s - loss: 0.1859 - accuracy: 0.9520
2025-04-23 00:50:38,463 - INFO - TRAIN OUTPUT: 70/81 [========================>.....] - ETA: 2s - loss: 0.1851 - accuracy: 0.9522
2025-04-23 00:50:38,837 - INFO - TRAIN OUTPUT: 71/81 [=========================>....] - ETA: 2s - loss: 0.1843 - accuracy: 0.9525
2025-04-23 00:50:39,146 - INFO - TRAIN OUTPUT: 72/81 [=========================>....] - ETA: 2s - loss: 0.1833 - accuracy: 0.9523
2025-04-23 00:50:39,453 - INFO - TRAIN OUTPUT: 73/81 [==========================>...] - ETA: 2s - loss: 0.1825 - accuracy: 0.9525
2025-04-23 00:50:39,733 - INFO - TRAIN OUTPUT: 74/81 [==========================>...] - ETA: 1s - loss: 0.1820 - accuracy: 0.9527
2025-04-23 00:50:40,018 - INFO - TRAIN OUTPUT: 75/81 [==========================>...] - ETA: 1s - loss: 0.1813 - accuracy: 0.9533
2025-04-23 00:50:40,302 - INFO - TRAIN OUTPUT: 76/81 [===========================>..] - ETA: 1s - loss: 0.1823 - accuracy: 0.9527
2025-04-23 00:50:40,599 - INFO - TRAIN OUTPUT: 77/81 [===========================>..] - ETA: 1s - loss: 0.1819 - accuracy: 0.9525
2025-04-23 00:50:40,880 - INFO - TRAIN OUTPUT: 78/81 [===========================>..] - ETA: 0s - loss: 0.1807 - accuracy: 0.9531
2025-04-23 00:50:41,143 - INFO - TRAIN OUTPUT: 79/81 [============================>.] - ETA: 0s - loss: 0.1792 - accuracy: 0.9533
2025-04-23 00:50:41,400 - INFO - TRAIN OUTPUT: 80/81 [============================>.] - ETA: 0s - loss: 0.1801 - accuracy: 0.9531
2025-04-23 00:50:47,326 - INFO - TRAIN OUTPUT: 81/81 [==============================] - ETA: 0s - loss: 0.1810 - accuracy: 0.9522Stop command received via socket
2025-04-23 00:50:47,326 - INFO - TRAIN OUTPUT: 
2025-04-23 00:50:47,326 - INFO - TRAIN OUTPUT: 81/81 [==============================] - 28s 347ms/step - loss: 0.1810 - accuracy: 0.9522 - val_loss: 0.2374 - val_accuracy: 0.9112
2025-04-23 00:50:47,338 - INFO - TRAIN OUTPUT: Epoch 5/10
2025-04-23 00:50:47,679 - INFO - Training stopped by user
2025-04-23 00:50:47,679 - INFO - TRAIN OUTPUT: 
2025-04-23 00:50:53,665 - INFO - TRAIN OUTPUT: 1/81 [..............................] - ETA: 27s - loss: 0.1928 - accuracy: 0.9375
2025-04-23 00:50:53,665 - INFO - TRAIN OUTPUT: 81/81 [==============================] - 6s 75ms/step - loss: 0.1928 - accuracy: 0.9375 - val_loss: 0.2154 - val_accuracy: 0.9299
2025-04-23 00:50:53,665 - INFO - Training was interrupted, checking for model to use...
2025-04-23 00:50:53,667 - INFO - Training interrupted, using latest epoch model
2025-04-23 00:51:49,599 - INFO - Starting training script: C:\Users\kaymh\Downloads\VIGYAN ASHRAM files\IMS\ver3.1\train.py
2025-04-23 00:51:53,183 - INFO - Starting training with TensorFlow 2.10.0
2025-04-23 00:51:53,185 - INFO - Existing model backed up to C:\Users\kaymh\Downloads\VIGYAN ASHRAM files\IMS\ver3.1\models\model_backup.h5
2025-04-23 00:51:53,303 - INFO - TRAIN OUTPUT: Found 2571 images belonging to 13 classes.
2025-04-23 00:51:53,352 - INFO - TRAIN OUTPUT: Found 642 images belonging to 13 classes.
2025-04-23 00:51:55,566 - INFO - Python Version: 3.10.16
2025-04-23 00:51:55,566 - INFO - TensorFlow Version: 2.10.0
2025-04-23 00:51:55,566 - INFO - GPU Information: NVIDIA GeForce GTX 1650
2025-04-23 00:51:55,588 - INFO - TRAIN OUTPUT: Epoch 1/10
2025-04-23 00:52:00,125 - INFO - TRAIN OUTPUT: 
2025-04-23 00:52:00,181 - INFO - TRAIN OUTPUT: 1/81 [..............................] - ETA: 6:02 - loss: 3.2661 - accuracy: 0.1562
2025-04-23 00:52:00,429 - INFO - TRAIN OUTPUT: 2/81 [..............................] - ETA: 4s - loss: 2.9636 - accuracy: 0.1562
2025-04-23 00:52:00,682 - INFO - TRAIN OUTPUT: 3/81 [>.............................] - ETA: 11s - loss: 2.9058 - accuracy: 0.1458
2025-04-23 00:52:00,941 - INFO - TRAIN OUTPUT: 4/81 [>.............................] - ETA: 14s - loss: 3.0244 - accuracy: 0.1328
2025-04-23 00:52:01,241 - INFO - TRAIN OUTPUT: 5/81 [>.............................] - ETA: 15s - loss: 3.0175 - accuracy: 0.1312
2025-04-23 00:52:01,529 - INFO - TRAIN OUTPUT: 6/81 [=>............................] - ETA: 16s - loss: 3.0098 - accuracy: 0.1354
2025-04-23 00:52:01,783 - INFO - TRAIN OUTPUT: 7/81 [=>............................] - ETA: 17s - loss: 2.9659 - accuracy: 0.1250
2025-04-23 00:52:02,074 - INFO - TRAIN OUTPUT: 8/81 [=>............................] - ETA: 17s - loss: 2.9135 - accuracy: 0.1367
2025-04-23 00:52:02,353 - INFO - TRAIN OUTPUT: 9/81 [==>...........................] - ETA: 17s - loss: 2.9004 - accuracy: 0.1354
2025-04-23 00:52:02,625 - INFO - TRAIN OUTPUT: 10/81 [==>...........................] - ETA: 17s - loss: 2.8321 - accuracy: 0.1437
2025-04-23 00:52:02,903 - INFO - TRAIN OUTPUT: 11/81 [===>..........................] - ETA: 17s - loss: 2.7841 - accuracy: 0.1619
2025-04-23 00:52:03,163 - INFO - TRAIN OUTPUT: 12/81 [===>..........................] - ETA: 17s - loss: 2.7441 - accuracy: 0.1615
2025-04-23 00:52:03,401 - INFO - TRAIN OUTPUT: 13/81 [===>..........................] - ETA: 17s - loss: 2.7139 - accuracy: 0.1635
2025-04-23 00:52:03,654 - INFO - TRAIN OUTPUT: 14/81 [====>.........................] - ETA: 16s - loss: 2.6803 - accuracy: 0.1652
2025-04-23 00:52:03,896 - INFO - TRAIN OUTPUT: 15/81 [====>.........................] - ETA: 16s - loss: 2.6651 - accuracy: 0.1646
2025-04-23 00:52:04,147 - INFO - TRAIN OUTPUT: 16/81 [====>.........................] - ETA: 16s - loss: 2.6538 - accuracy: 0.1680
2025-04-23 00:52:04,384 - INFO - TRAIN OUTPUT: 17/81 [=====>........................] - ETA: 16s - loss: 2.6237 - accuracy: 0.1710
2025-04-23 00:52:04,626 - INFO - TRAIN OUTPUT: 18/81 [=====>........................] - ETA: 15s - loss: 2.5901 - accuracy: 0.1806
2025-04-23 00:52:04,864 - INFO - TRAIN OUTPUT: 19/81 [======>.......................] - ETA: 15s - loss: 2.5630 - accuracy: 0.1859
2025-04-23 00:52:05,109 - INFO - TRAIN OUTPUT: 20/81 [======>.......................] - ETA: 15s - loss: 2.5442 - accuracy: 0.1891
2025-04-23 00:52:05,347 - INFO - TRAIN OUTPUT: 21/81 [======>.......................] - ETA: 14s - loss: 2.5145 - accuracy: 0.1979
2025-04-23 00:52:05,581 - INFO - TRAIN OUTPUT: 22/81 [=======>......................] - ETA: 14s - loss: 2.4871 - accuracy: 0.2060
2025-04-23 00:52:05,839 - INFO - TRAIN OUTPUT: 23/81 [=======>......................] - ETA: 14s - loss: 2.4518 - accuracy: 0.2120
2025-04-23 00:52:06,079 - INFO - TRAIN OUTPUT: 24/81 [=======>......................] - ETA: 14s - loss: 2.4168 - accuracy: 0.2227
2025-04-23 00:52:06,332 - INFO - TRAIN OUTPUT: 25/81 [========>.....................] - ETA: 13s - loss: 2.3945 - accuracy: 0.2250
2025-04-23 00:52:06,572 - INFO - TRAIN OUTPUT: 26/81 [========>.....................] - ETA: 13s - loss: 2.3654 - accuracy: 0.2344
2025-04-23 00:52:06,822 - INFO - TRAIN OUTPUT: 27/81 [=========>....................] - ETA: 13s - loss: 2.3491 - accuracy: 0.2396
2025-04-23 00:52:07,064 - INFO - TRAIN OUTPUT: 28/81 [=========>....................] - ETA: 13s - loss: 2.3262 - accuracy: 0.2500
2025-04-23 00:52:07,298 - INFO - TRAIN OUTPUT: 29/81 [=========>....................] - ETA: 12s - loss: 2.2903 - accuracy: 0.2651
2025-04-23 00:52:07,545 - INFO - TRAIN OUTPUT: 30/81 [==========>...................] - ETA: 12s - loss: 2.2633 - accuracy: 0.2719
2025-04-23 00:52:07,792 - INFO - TRAIN OUTPUT: 31/81 [==========>...................] - ETA: 12s - loss: 2.2383 - accuracy: 0.2802
2025-04-23 00:52:08,033 - INFO - TRAIN OUTPUT: 32/81 [==========>...................] - ETA: 12s - loss: 2.2133 - accuracy: 0.2910
2025-04-23 00:52:08,271 - INFO - TRAIN OUTPUT: 33/81 [===========>..................] - ETA: 11s - loss: 2.1899 - accuracy: 0.2973
2025-04-23 00:52:08,515 - INFO - TRAIN OUTPUT: 34/81 [===========>..................] - ETA: 11s - loss: 2.1639 - accuracy: 0.3061
2025-04-23 00:52:08,773 - INFO - TRAIN OUTPUT: 35/81 [===========>..................] - ETA: 11s - loss: 2.1358 - accuracy: 0.3152
2025-04-23 00:52:09,015 - INFO - TRAIN OUTPUT: 36/81 [============>.................] - ETA: 11s - loss: 2.1090 - accuracy: 0.3247
2025-04-23 00:52:09,266 - INFO - TRAIN OUTPUT: 37/81 [============>.................] - ETA: 10s - loss: 2.0909 - accuracy: 0.3345
2025-04-23 00:52:09,513 - INFO - TRAIN OUTPUT: 38/81 [=============>................] - ETA: 10s - loss: 2.0667 - accuracy: 0.3438
2025-04-23 00:52:09,761 - INFO - TRAIN OUTPUT: 39/81 [=============>................] - ETA: 10s - loss: 2.0494 - accuracy: 0.3494
2025-04-23 00:52:10,033 - INFO - TRAIN OUTPUT: 40/81 [=============>................] - ETA: 10s - loss: 2.0269 - accuracy: 0.3594
2025-04-23 00:52:10,283 - INFO - TRAIN OUTPUT: 41/81 [==============>...............] - ETA: 9s - loss: 2.0016 - accuracy: 0.3689
2025-04-23 00:52:10,530 - INFO - TRAIN OUTPUT: 42/81 [==============>...............] - ETA: 9s - loss: 1.9807 - accuracy: 0.3780
2025-04-23 00:52:10,781 - INFO - Training stopped by user
2025-04-23 00:52:10,783 - INFO - TRAIN OUTPUT: 43/81 [==============>...............] - ETA: 9s - loss: 1.9679 - accuracy: 0.3815Stop command received via socket
2025-04-23 00:52:10,784 - INFO - TRAIN OUTPUT: 
2025-04-23 00:52:17,614 - INFO - TRAIN OUTPUT: 44/81 [===============>..............] - ETA: 9s - loss: 1.9525 - accuracy: 0.3878
2025-04-23 00:52:17,614 - INFO - TRAIN OUTPUT: 81/81 [==============================] - 22s 219ms/step - loss: 1.9525 - accuracy: 0.3878 - val_loss: 0.9219 - val_accuracy: 0.7975
2025-04-23 00:52:17,615 - INFO - Training was interrupted, checking for model to use...
2025-04-23 00:52:17,617 - INFO - Training interrupted, restored previous model
2025-05-26 00:16:14,069 - INFO - Starting training with TensorFlow 2.10.0
2025-05-26 00:16:14,072 - INFO - Existing model backed up to C:\Users\kaymh\Downloads\VIGYAN ASHRAM files\IMS\ver3.1\models\model_backup.h5
2025-05-26 00:16:21,109 - INFO - Python Version: 3.10.16
2025-05-26 00:16:21,110 - INFO - TensorFlow Version: 2.10.0
2025-05-26 00:16:21,110 - INFO - GPU Information: NVIDIA GeForce GTX 1650
2025-05-26 00:16:35,449 - WARNING - Callback method `on_train_batch_end` is slow compared to the batch time (batch time: 0.2586s vs `on_train_batch_end` time: 0.3433s). Check your callbacks.
2025-05-26 00:27:50,861 - INFO - Using conda environment Python: C:\Users\kaymh\miniconda3\envs\imsv3\python.exe
2025-05-26 00:30:46,562 - INFO - Executing script: C:/NEW/scripts\compress_images.py
2025-05-26 00:30:46,686 - INFO - Executing script: C:/NEW/scripts\compress_images.py
2025-05-26 00:31:20,267 - INFO - Starting training script: C:/NEW/scripts\train.py
2025-05-26 00:31:23,685 - INFO - TRAIN OUTPUT: Found 240 images belonging to 1 classes.
2025-05-26 00:31:23,694 - INFO - TRAIN OUTPUT: Found 60 images belonging to 1 classes.
2025-05-26 00:31:26,050 - INFO - TRAIN OUTPUT: Epoch 1/10
2025-05-26 00:31:30,588 - INFO - TRAIN OUTPUT: 
2025-05-26 00:31:31,240 - INFO - TRAIN OUTPUT: 1/8 [==>...........................] - ETA: 31s - loss: 0.0000e+00 - accuracy: 1.0000
2025-05-26 00:31:31,297 - INFO - TRAIN OUTPUT: 2/8 [======>.......................] - ETA: 3s - loss: 0.0000e+00 - accuracy: 1.0000
2025-05-26 00:31:31,695 - INFO - TRAIN OUTPUT: 3/8 [==========>...................] - ETA: 1s - loss: 0.0000e+00 - accuracy: 1.0000
2025-05-26 00:31:32,083 - INFO - TRAIN OUTPUT: 4/8 [==============>...............] - ETA: 1s - loss: 0.0000e+00 - accuracy: 1.0000
2025-05-26 00:31:32,499 - INFO - TRAIN OUTPUT: 5/8 [=================>............] - ETA: 1s - loss: 0.0000e+00 - accuracy: 1.0000
2025-05-26 00:31:32,902 - INFO - TRAIN OUTPUT: 6/8 [=====================>........] - ETA: 0s - loss: 0.0000e+00 - accuracy: 1.0000
2025-05-26 00:31:33,305 - INFO - TRAIN OUTPUT: 7/8 [=========================>....] - ETA: 0s - loss: 0.0000e+00 - accuracy: 1.0000
2025-05-26 00:31:36,373 - INFO - TRAIN OUTPUT: 8/8 [==============================] - ETA: 0s - loss: 0.0000e+00 - accuracy: 1.0000
2025-05-26 00:31:36,374 - INFO - TRAIN OUTPUT: 8/8 [==============================] - 10s 826ms/step - loss: 0.0000e+00 - accuracy: 1.0000 - val_loss: 0.0000e+00 - val_accuracy: 1.0000
2025-05-26 00:31:36,384 - INFO - TRAIN OUTPUT: Epoch 2/10
2025-05-26 00:31:36,673 - INFO - TRAIN OUTPUT: 
2025-05-26 00:31:36,919 - INFO - TRAIN OUTPUT: 1/8 [==>...........................] - ETA: 2s - loss: 0.0000e+00 - accuracy: 1.0000
2025-05-26 00:31:37,152 - INFO - TRAIN OUTPUT: 2/8 [======>.......................] - ETA: 1s - loss: 0.0000e+00 - accuracy: 1.0000
2025-05-26 00:31:37,389 - INFO - TRAIN OUTPUT: 3/8 [==========>...................] - ETA: 1s - loss: 0.0000e+00 - accuracy: 1.0000
2025-05-26 00:31:37,632 - INFO - TRAIN OUTPUT: 4/8 [==============>...............] - ETA: 0s - loss: 0.0000e+00 - accuracy: 1.0000
2025-05-26 00:31:37,867 - INFO - TRAIN OUTPUT: 5/8 [=================>............] - ETA: 0s - loss: 0.0000e+00 - accuracy: 1.0000
2025-05-26 00:31:37,953 - INFO - TRAIN OUTPUT: 6/8 [=====================>........] - ETA: 0s - loss: 0.0000e+00 - accuracy: 1.0000
2025-05-26 00:31:38,214 - INFO - TRAIN OUTPUT: 7/8 [=========================>....] - ETA: 0s - loss: 0.0000e+00 - accuracy: 1.0000
2025-05-26 00:31:38,963 - INFO - TRAIN OUTPUT: 8/8 [==============================] - ETA: 0s - loss: 0.0000e+00 - accuracy: 1.0000
2025-05-26 00:31:38,963 - INFO - TRAIN OUTPUT: 8/8 [==============================] - 3s 327ms/step - loss: 0.0000e+00 - accuracy: 1.0000 - val_loss: 0.0000e+00 - val_accuracy: 1.0000
2025-05-26 00:31:38,974 - INFO - TRAIN OUTPUT: Epoch 3/10
2025-05-26 00:31:39,289 - INFO - TRAIN OUTPUT: 
2025-05-26 00:31:39,522 - INFO - TRAIN OUTPUT: 1/8 [==>...........................] - ETA: 2s - loss: 0.0000e+00 - accuracy: 1.0000
2025-05-26 00:31:39,609 - INFO - TRAIN OUTPUT: 2/8 [======>.......................] - ETA: 1s - loss: 0.0000e+00 - accuracy: 1.0000
2025-05-26 00:31:39,868 - INFO - TRAIN OUTPUT: 3/8 [==========>...................] - ETA: 0s - loss: 0.0000e+00 - accuracy: 1.0000
2025-05-26 00:31:40,102 - INFO - TRAIN OUTPUT: 4/8 [==============>...............] - ETA: 0s - loss: 0.0000e+00 - accuracy: 1.0000
2025-05-26 00:31:40,332 - INFO - TRAIN OUTPUT: 5/8 [=================>............] - ETA: 0s - loss: 0.0000e+00 - accuracy: 1.0000
2025-05-26 00:31:40,568 - INFO - TRAIN OUTPUT: 6/8 [=====================>........] - ETA: 0s - loss: 0.0000e+00 - accuracy: 1.0000
2025-05-26 00:31:40,810 - INFO - TRAIN OUTPUT: 7/8 [=========================>....] - ETA: 0s - loss: 0.0000e+00 - accuracy: 1.0000
2025-05-26 00:31:41,524 - INFO - TRAIN OUTPUT: 8/8 [==============================] - ETA: 0s - loss: 0.0000e+00 - accuracy: 1.0000
2025-05-26 00:31:41,524 - INFO - TRAIN OUTPUT: 8/8 [==============================] - 3s 319ms/step - loss: 0.0000e+00 - accuracy: 1.0000 - val_loss: 0.0000e+00 - val_accuracy: 1.0000
2025-05-26 00:31:41,535 - INFO - TRAIN OUTPUT: Epoch 4/10
2025-05-26 00:31:41,702 - INFO - TRAIN OUTPUT: 
2025-05-26 00:31:41,977 - INFO - TRAIN OUTPUT: 1/8 [==>...........................] - ETA: 1s - loss: 0.0000e+00 - accuracy: 1.0000
2025-05-26 00:31:42,208 - INFO - TRAIN OUTPUT: 2/8 [======>.......................] - ETA: 1s - loss: 0.0000e+00 - accuracy: 1.0000
2025-05-26 00:31:42,452 - INFO - TRAIN OUTPUT: 3/8 [==========>...................] - ETA: 1s - loss: 0.0000e+00 - accuracy: 1.0000
2025-05-26 00:31:42,690 - INFO - TRAIN OUTPUT: 4/8 [==============>...............] - ETA: 1s - loss: 0.0000e+00 - accuracy: 1.0000
2025-05-26 00:31:42,922 - INFO - TRAIN OUTPUT: 5/8 [=================>............] - ETA: 0s - loss: 0.0000e+00 - accuracy: 1.0000
2025-05-26 00:31:43,169 - INFO - TRAIN OUTPUT: 6/8 [=====================>........] - ETA: 0s - loss: 0.0000e+00 - accuracy: 1.0000
2025-05-26 00:31:43,409 - INFO - TRAIN OUTPUT: 7/8 [=========================>....] - ETA: 0s - loss: 0.0000e+00 - accuracy: 1.0000
2025-05-26 00:31:44,147 - INFO - TRAIN OUTPUT: 8/8 [==============================] - ETA: 0s - loss: 0.0000e+00 - accuracy: 1.0000
2025-05-26 00:31:44,147 - INFO - TRAIN OUTPUT: 8/8 [==============================] - 3s 349ms/step - loss: 0.0000e+00 - accuracy: 1.0000 - val_loss: 0.0000e+00 - val_accuracy: 1.0000
2025-05-26 00:31:44,157 - INFO - TRAIN OUTPUT: Epoch 5/10
2025-05-26 00:31:44,473 - INFO - TRAIN OUTPUT: 
2025-05-26 00:31:44,720 - INFO - TRAIN OUTPUT: 1/8 [==>...........................] - ETA: 2s - loss: 0.0000e+00 - accuracy: 1.0000
2025-05-26 00:31:44,954 - INFO - TRAIN OUTPUT: 2/8 [======>.......................] - ETA: 1s - loss: 0.0000e+00 - accuracy: 1.0000
2025-05-26 00:31:45,192 - INFO - TRAIN OUTPUT: 3/8 [==========>...................] - ETA: 1s - loss: 0.0000e+00 - accuracy: 1.0000
2025-05-26 00:31:45,443 - INFO - TRAIN OUTPUT: 4/8 [==============>...............] - ETA: 0s - loss: 0.0000e+00 - accuracy: 1.0000
2025-05-26 00:31:45,677 - INFO - TRAIN OUTPUT: 5/8 [=================>............] - ETA: 0s - loss: 0.0000e+00 - accuracy: 1.0000
2025-05-26 00:31:45,925 - INFO - TRAIN OUTPUT: 6/8 [=====================>........] - ETA: 0s - loss: 0.0000e+00 - accuracy: 1.0000
2025-05-26 00:31:46,010 - INFO - TRAIN OUTPUT: 7/8 [=========================>....] - ETA: 0s - loss: 0.0000e+00 - accuracy: 1.0000
2025-05-26 00:31:46,784 - INFO - TRAIN OUTPUT: 8/8 [==============================] - ETA: 0s - loss: 0.0000e+00 - accuracy: 1.0000
2025-05-26 00:31:46,785 - INFO - TRAIN OUTPUT: 8/8 [==============================] - 3s 330ms/step - loss: 0.0000e+00 - accuracy: 1.0000 - val_loss: 0.0000e+00 - val_accuracy: 1.0000
2025-05-26 00:31:46,795 - INFO - TRAIN OUTPUT: Epoch 6/10
2025-05-26 00:31:47,107 - INFO - TRAIN OUTPUT: 
2025-05-26 00:31:47,354 - INFO - TRAIN OUTPUT: 1/8 [==>...........................] - ETA: 2s - loss: 0.0000e+00 - accuracy: 1.0000
2025-05-26 00:31:47,601 - INFO - TRAIN OUTPUT: 2/8 [======>.......................] - ETA: 1s - loss: 0.0000e+00 - accuracy: 1.0000
2025-05-26 00:31:47,702 - INFO - TRAIN OUTPUT: 3/8 [==========>...................] - ETA: 1s - loss: 0.0000e+00 - accuracy: 1.0000
2025-05-26 00:31:47,982 - INFO - TRAIN OUTPUT: 4/8 [==============>...............] - ETA: 0s - loss: 0.0000e+00 - accuracy: 1.0000
2025-05-26 00:31:48,214 - INFO - TRAIN OUTPUT: 5/8 [=================>............] - ETA: 0s - loss: 0.0000e+00 - accuracy: 1.0000
2025-05-26 00:31:48,457 - INFO - TRAIN OUTPUT: 6/8 [=====================>........] - ETA: 0s - loss: 0.0000e+00 - accuracy: 1.0000
2025-05-26 00:31:48,698 - INFO - TRAIN OUTPUT: 7/8 [=========================>....] - ETA: 0s - loss: 0.0000e+00 - accuracy: 1.0000
2025-05-26 00:31:49,514 - INFO - TRAIN OUTPUT: 8/8 [==============================] - ETA: 0s - loss: 0.0000e+00 - accuracy: 1.0000
2025-05-26 00:31:49,515 - INFO - TRAIN OUTPUT: 8/8 [==============================] - 3s 344ms/step - loss: 0.0000e+00 - accuracy: 1.0000 - val_loss: 0.0000e+00 - val_accuracy: 1.0000
2025-05-26 00:43:14,897 - INFO - Using conda environment Python: C:\Users\kaymh\miniconda3\envs\imsv3\python.exe
2025-05-26 00:56:34,117 - INFO - Using conda environment Python: C:\Users\kaymh\miniconda3\envs\imsv3\python.exe
2025-05-26 01:30:12,332 - INFO - Using conda environment Python: C:\Users\kaymh\miniconda3\envs\imsv3\python.exe
2025-05-26 01:30:39,352 - INFO - Model loaded successfully from: C:\Users\kaymh\Downloads\VIGYAN ASHRAM files\IMS\ver3.1\models\model.h5
2025-05-26 01:30:39,352 - INFO - Loaded 15 class labels from: C:\Users\kaymh\Downloads\VIGYAN ASHRAM files\IMS\ver3.1\models\labels1.txt
2025-05-26 01:30:40,438 - INFO - Camera opened successfully
2025-05-26 01:30:40,511 - INFO - Starting Excel feed detection loop
2025-05-26 01:30:54,162 - INFO - Object registered: earphone with confidence 92.50% at 2025-05-26 01:30:54
2025-05-26 01:30:54,162 - INFO - Saving 1 detected objects to Excel
2025-05-26 01:30:54,269 - INFO - Data appended to existing Excel file: C:\Users\kaymh\Downloads\VIGYAN ASHRAM files\IMS\ver3.1\IMS EXCEL\2025_05\26_05_2025.xlsx
2025-05-26 01:30:54,269 - INFO - Excel file updated successfully
2025-05-26 01:48:04,076 - WARNING - Failed to read frame from camera
2025-05-26 01:48:04,076 - INFO - Saving 1 detected objects to Excel
2025-05-26 01:48:04,136 - INFO - Data appended to existing Excel file: C:\Users\kaymh\Downloads\VIGYAN ASHRAM files\IMS\ver3.1\IMS EXCEL\2025_05\26_05_2025.xlsx
2025-05-26 01:48:04,137 - INFO - Final save to Excel completed
2025-05-26 01:48:04,159 - INFO - Excel feed session ended
2025-05-26 01:50:03,874 - INFO - Using conda environment Python: C:\Users\kaymh\miniconda3\envs\imsv3\python.exe
2025-05-26 16:33:33,597 - INFO - Using conda environment Python: C:\Users\kaymh\miniconda3\envs\imsv3\python.exe
2025-05-26 16:33:53,719 - INFO - Using conda environment Python: C:\Users\kaymh\miniconda3\envs\imsv3\python.exe
2025-05-26 16:52:34,574 - INFO - Starting training script: C:/Users/kaymh/Downloads/IMS\train.py
2025-05-26 16:52:38,244 - INFO - Starting training with TensorFlow 2.10.0
